{"C:\\Users\\thaly\\OneDrive\\Desktop\\Faculdade\\Plataforma_matematica\\plataforma-matematica\\src\\schemas\\turmaSchemas.js": {"path":"C:\\Users\\thaly\\OneDrive\\Desktop\\Faculdade\\Plataforma_matematica\\plataforma-matematica\\src\\schemas\\turmaSchemas.js","statementMap":{"0":{"start":{"line":3,"column":27},"end":{"line":7,"column":2}},"1":{"start":{"line":10,"column":33},"end":{"line":10,"column":54}}},"fnMap":{},"branchMap":{},"s":{"0":1,"1":1},"f":{},"b":{},"_coverageSchema":"1a1c01bbd47fc00a2c39e90264f33305004495a9","hash":"5883897bd3c5095b21298b52a85583955fd9288a"}
,"C:\\Users\\thaly\\OneDrive\\Desktop\\Faculdade\\Plataforma_matematica\\plataforma-matematica\\src\\schemas\\user_turma_Schema.js": {"path":"C:\\Users\\thaly\\OneDrive\\Desktop\\Faculdade\\Plataforma_matematica\\plataforma-matematica\\src\\schemas\\user_turma_Schema.js","statementMap":{"0":{"start":{"line":3,"column":33},"end":{"line":6,"column":2}},"1":{"start":{"line":9,"column":34},"end":{"line":9,"column":61}}},"fnMap":{},"branchMap":{},"s":{"0":1,"1":1},"f":{},"b":{},"_coverageSchema":"1a1c01bbd47fc00a2c39e90264f33305004495a9","hash":"e3b687e514d20f6ee0ed48c1dc40e3c22f7164aa"}
,"C:\\Users\\thaly\\OneDrive\\Desktop\\Faculdade\\Plataforma_matematica\\plataforma-matematica\\src\\services\\turmaService.js": {"path":"C:\\Users\\thaly\\OneDrive\\Desktop\\Faculdade\\Plataforma_matematica\\plataforma-matematica\\src\\services\\turmaService.js","statementMap":{"0":{"start":{"line":10,"column":22},"end":{"line":10,"column":60}},"1":{"start":{"line":12,"column":22},"end":{"line":12,"column":62}},"2":{"start":{"line":14,"column":6},"end":{"line":16,"column":5}},"3":{"start":{"line":15,"column":8},"end":{"line":15,"column":51}},"4":{"start":{"line":17,"column":6},"end":{"line":17,"column":19}},"5":{"start":{"line":21,"column":4},"end":{"line":23,"column":5}},"6":{"start":{"line":22,"column":6},"end":{"line":22,"column":55}},"7":{"start":{"line":24,"column":4},"end":{"line":24,"column":40}},"8":{"start":{"line":28,"column":4},"end":{"line":28,"column":66}},"9":{"start":{"line":30,"column":28},"end":{"line":30,"column":51}},"10":{"start":{"line":32,"column":6},"end":{"line":32,"column":84}},"11":{"start":{"line":34,"column":21},"end":{"line":34,"column":23}},"12":{"start":{"line":35,"column":27},"end":{"line":35,"column":83}},"13":{"start":{"line":36,"column":6},"end":{"line":36,"column":87}},"14":{"start":{"line":38,"column":6},"end":{"line":40,"column":7}},"15":{"start":{"line":39,"column":8},"end":{"line":39,"column":60}},"16":{"start":{"line":42,"column":6},"end":{"line":44,"column":7}},"17":{"start":{"line":43,"column":8},"end":{"line":43,"column":43}},"18":{"start":{"line":46,"column":6},"end":{"line":46,"column":57}},"19":{"start":{"line":51,"column":26},"end":{"line":51,"column":55}},"20":{"start":{"line":53,"column":4},"end":{"line":53,"column":102}},"21":{"start":{"line":55,"column":25},"end":{"line":55,"column":59}},"22":{"start":{"line":57,"column":4},"end":{"line":57,"column":84}},"23":{"start":{"line":58,"column":4},"end":{"line":60,"column":5}},"24":{"start":{"line":59,"column":6},"end":{"line":59,"column":77}},"25":{"start":{"line":63,"column":4},"end":{"line":75,"column":5}},"26":{"start":{"line":64,"column":38},"end":{"line":64,"column":106}},"27":{"start":{"line":66,"column":6},"end":{"line":66,"column":134}},"28":{"start":{"line":68,"column":6},"end":{"line":70,"column":7}},"29":{"start":{"line":69,"column":8},"end":{"line":69,"column":48}},"30":{"start":{"line":70,"column":7},"end":{"line":74,"column":7}},"31":{"start":{"line":71,"column":27},"end":{"line":71,"column":77}},"32":{"start":{"line":73,"column":7},"end":{"line":73,"column":26}},"33":{"start":{"line":81,"column":4},"end":{"line":81,"column":72}},"34":{"start":{"line":83,"column":26},"end":{"line":83,"column":60}},"35":{"start":{"line":85,"column":4},"end":{"line":85,"column":80}},"36":{"start":{"line":87,"column":29},"end":{"line":87,"column":75}},"37":{"start":{"line":89,"column":4},"end":{"line":89,"column":67}},"38":{"start":{"line":91,"column":4},"end":{"line":93,"column":5}},"39":{"start":{"line":92,"column":6},"end":{"line":92,"column":83}},"40":{"start":{"line":95,"column":27},"end":{"line":95,"column":79}},"41":{"start":{"line":97,"column":4},"end":{"line":97,"column":25}}},"fnMap":{"0":{"name":"(anonymous_0)","decl":{"start":{"line":8,"column":2},"end":{"line":8,"column":3}},"loc":{"start":{"line":8,"column":21},"end":{"line":18,"column":3}},"line":8},"1":{"name":"(anonymous_1)","decl":{"start":{"line":20,"column":2},"end":{"line":20,"column":3}},"loc":{"start":{"line":20,"column":24},"end":{"line":25,"column":3}},"line":20},"2":{"name":"(anonymous_2)","decl":{"start":{"line":27,"column":2},"end":{"line":27,"column":3}},"loc":{"start":{"line":27,"column":20},"end":{"line":48,"column":1}},"line":27},"3":{"name":"(anonymous_3)","decl":{"start":{"line":49,"column":2},"end":{"line":49,"column":3}},"loc":{"start":{"line":49,"column":33},"end":{"line":76,"column":3}},"line":49},"4":{"name":"(anonymous_4)","decl":{"start":{"line":78,"column":2},"end":{"line":78,"column":3}},"loc":{"start":{"line":78,"column":28},"end":{"line":98,"column":3}},"line":78}},"branchMap":{"0":{"loc":{"start":{"line":14,"column":6},"end":{"line":16,"column":5}},"type":"if","locations":[{"start":{"line":14,"column":6},"end":{"line":16,"column":5}},{"start":{},"end":{}}],"line":14},"1":{"loc":{"start":{"line":21,"column":4},"end":{"line":23,"column":5}},"type":"if","locations":[{"start":{"line":21,"column":4},"end":{"line":23,"column":5}},{"start":{},"end":{}}],"line":21},"2":{"loc":{"start":{"line":38,"column":6},"end":{"line":40,"column":7}},"type":"if","locations":[{"start":{"line":38,"column":6},"end":{"line":40,"column":7}},{"start":{},"end":{}}],"line":38},"3":{"loc":{"start":{"line":42,"column":6},"end":{"line":44,"column":7}},"type":"if","locations":[{"start":{"line":42,"column":6},"end":{"line":44,"column":7}},{"start":{},"end":{}}],"line":42},"4":{"loc":{"start":{"line":58,"column":4},"end":{"line":60,"column":5}},"type":"if","locations":[{"start":{"line":58,"column":4},"end":{"line":60,"column":5}},{"start":{},"end":{}}],"line":58},"5":{"loc":{"start":{"line":63,"column":4},"end":{"line":75,"column":5}},"type":"if","locations":[{"start":{"line":63,"column":4},"end":{"line":75,"column":5}},{"start":{},"end":{}}],"line":63},"6":{"loc":{"start":{"line":63,"column":8},"end":{"line":63,"column":76}},"type":"binary-expr","locations":[{"start":{"line":63,"column":8},"end":{"line":63,"column":28}},{"start":{"line":63,"column":32},"end":{"line":63,"column":76}}],"line":63},"7":{"loc":{"start":{"line":68,"column":6},"end":{"line":70,"column":7}},"type":"if","locations":[{"start":{"line":68,"column":6},"end":{"line":70,"column":7}},{"start":{},"end":{}}],"line":68},"8":{"loc":{"start":{"line":70,"column":7},"end":{"line":74,"column":7}},"type":"if","locations":[{"start":{"line":70,"column":7},"end":{"line":74,"column":7}},{"start":{},"end":{}}],"line":70},"9":{"loc":{"start":{"line":91,"column":4},"end":{"line":93,"column":5}},"type":"if","locations":[{"start":{"line":91,"column":4},"end":{"line":93,"column":5}},{"start":{},"end":{}}],"line":91}},"s":{"0":2,"1":2,"2":2,"3":1,"4":1,"5":2,"6":1,"7":1,"8":2,"9":2,"10":2,"11":2,"12":2,"13":2,"14":2,"15":1,"16":2,"17":1,"18":1,"19":0,"20":0,"21":0,"22":0,"23":0,"24":0,"25":0,"26":0,"27":0,"28":0,"29":0,"30":0,"31":0,"32":0,"33":0,"34":0,"35":0,"36":0,"37":0,"38":0,"39":0,"40":0,"41":0},"f":{"0":2,"1":2,"2":2,"3":0,"4":0},"b":{"0":[1,1],"1":[1,1],"2":[1,1],"3":[1,1],"4":[0,0],"5":[0,0],"6":[0,0],"7":[0,0],"8":[0,0],"9":[0,0]},"_coverageSchema":"1a1c01bbd47fc00a2c39e90264f33305004495a9","hash":"faee7612e051b6f5c981d554354a92eb1a13e6c4"}
,"C:\\Users\\thaly\\OneDrive\\Desktop\\Faculdade\\Plataforma_matematica\\plataforma-matematica\\src\\utils\\messages.js": {"path":"C:\\Users\\thaly\\OneDrive\\Desktop\\Faculdade\\Plataforma_matematica\\plataforma-matematica\\src\\utils\\messages.js","statementMap":{"0":{"start":{"line":1,"column":24},"end":{"line":153,"column":1}},"1":{"start":{"line":46,"column":36},"end":{"line":46,"column":77}},"2":{"start":{"line":65,"column":34},"end":{"line":65,"column":69}},"3":{"start":{"line":66,"column":31},"end":{"line":66,"column":57}},"4":{"start":{"line":67,"column":38},"end":{"line":67,"column":77}},"5":{"start":{"line":68,"column":39},"end":{"line":68,"column":75}},"6":{"start":{"line":75,"column":12},"end":{"line":75,"column":70}},"7":{"start":{"line":78,"column":12},"end":{"line":78,"column":85}},"8":{"start":{"line":81,"column":12},"end":{"line":81,"column":89}},"9":{"start":{"line":84,"column":12},"end":{"line":84,"column":66}},"10":{"start":{"line":87,"column":12},"end":{"line":87,"column":78}},"11":{"start":{"line":90,"column":12},"end":{"line":90,"column":96}},"12":{"start":{"line":93,"column":12},"end":{"line":93,"column":62}},"13":{"start":{"line":96,"column":12},"end":{"line":96,"column":66}},"14":{"start":{"line":99,"column":12},"end":{"line":99,"column":111}},"15":{"start":{"line":102,"column":12},"end":{"line":102,"column":70}},"16":{"start":{"line":105,"column":12},"end":{"line":105,"column":58}},"17":{"start":{"line":113,"column":12},"end":{"line":113,"column":97}},"18":{"start":{"line":124,"column":45},"end":{"line":124,"column":108}},"19":{"start":{"line":125,"column":47},"end":{"line":125,"column":110}},"20":{"start":{"line":127,"column":43},"end":{"line":127,"column":94}},"21":{"start":{"line":128,"column":45},"end":{"line":128,"column":96}},"22":{"start":{"line":135,"column":34},"end":{"line":135,"column":76}},"23":{"start":{"line":139,"column":39},"end":{"line":139,"column":88}},"24":{"start":{"line":149,"column":39},"end":{"line":149,"column":86}},"25":{"start":{"line":165,"column":25},"end":{"line":187,"column":1}},"26":{"start":{"line":167,"column":18},"end":{"line":167,"column":27}},"27":{"start":{"line":168,"column":4},"end":{"line":177,"column":5}},"28":{"start":{"line":170,"column":8},"end":{"line":170,"column":25}},"29":{"start":{"line":171,"column":11},"end":{"line":177,"column":5}},"30":{"start":{"line":173,"column":8},"end":{"line":173,"column":27}},"31":{"start":{"line":176,"column":8},"end":{"line":176,"column":41}},"32":{"start":{"line":180,"column":4},"end":{"line":186,"column":7}},"33":{"start":{"line":198,"column":28},"end":{"line":208,"column":1}},"34":{"start":{"line":199,"column":4},"end":{"line":207,"column":7}}},"fnMap":{"0":{"name":"(anonymous_0)","decl":{"start":{"line":46,"column":22},"end":{"line":46,"column":23}},"loc":{"start":{"line":46,"column":36},"end":{"line":46,"column":77}},"line":46},"1":{"name":"(anonymous_1)","decl":{"start":{"line":65,"column":26},"end":{"line":65,"column":27}},"loc":{"start":{"line":65,"column":34},"end":{"line":65,"column":69}},"line":65},"2":{"name":"(anonymous_2)","decl":{"start":{"line":66,"column":23},"end":{"line":66,"column":24}},"loc":{"start":{"line":66,"column":31},"end":{"line":66,"column":57}},"line":66},"3":{"name":"(anonymous_3)","decl":{"start":{"line":67,"column":28},"end":{"line":67,"column":29}},"loc":{"start":{"line":67,"column":38},"end":{"line":67,"column":77}},"line":67},"4":{"name":"(anonymous_4)","decl":{"start":{"line":68,"column":29},"end":{"line":68,"column":30}},"loc":{"start":{"line":68,"column":39},"end":{"line":68,"column":75}},"line":68},"5":{"name":"(anonymous_5)","decl":{"start":{"line":74,"column":25},"end":{"line":74,"column":26}},"loc":{"start":{"line":74,"column":40},"end":{"line":76,"column":9}},"line":74},"6":{"name":"(anonymous_6)","decl":{"start":{"line":77,"column":25},"end":{"line":77,"column":26}},"loc":{"start":{"line":77,"column":40},"end":{"line":79,"column":9}},"line":77},"7":{"name":"(anonymous_7)","decl":{"start":{"line":80,"column":36},"end":{"line":80,"column":37}},"loc":{"start":{"line":80,"column":51},"end":{"line":82,"column":9}},"line":80},"8":{"name":"(anonymous_8)","decl":{"start":{"line":83,"column":23},"end":{"line":83,"column":24}},"loc":{"start":{"line":83,"column":38},"end":{"line":85,"column":9}},"line":83},"9":{"name":"(anonymous_9)","decl":{"start":{"line":86,"column":17},"end":{"line":86,"column":18}},"loc":{"start":{"line":86,"column":32},"end":{"line":88,"column":9}},"line":86},"10":{"name":"(anonymous_10)","decl":{"start":{"line":89,"column":18},"end":{"line":89,"column":19}},"loc":{"start":{"line":89,"column":33},"end":{"line":91,"column":9}},"line":89},"11":{"name":"(anonymous_11)","decl":{"start":{"line":92,"column":23},"end":{"line":92,"column":24}},"loc":{"start":{"line":92,"column":38},"end":{"line":94,"column":9}},"line":92},"12":{"name":"(anonymous_12)","decl":{"start":{"line":95,"column":26},"end":{"line":95,"column":27}},"loc":{"start":{"line":95,"column":41},"end":{"line":97,"column":9}},"line":95},"13":{"name":"(anonymous_13)","decl":{"start":{"line":98,"column":21},"end":{"line":98,"column":22}},"loc":{"start":{"line":98,"column":44},"end":{"line":100,"column":9}},"line":98},"14":{"name":"(anonymous_14)","decl":{"start":{"line":101,"column":25},"end":{"line":101,"column":26}},"loc":{"start":{"line":101,"column":40},"end":{"line":103,"column":9}},"line":101},"15":{"name":"(anonymous_15)","decl":{"start":{"line":104,"column":31},"end":{"line":104,"column":32}},"loc":{"start":{"line":104,"column":46},"end":{"line":106,"column":9}},"line":104},"16":{"name":"(anonymous_16)","decl":{"start":{"line":112,"column":31},"end":{"line":112,"column":32}},"loc":{"start":{"line":112,"column":56},"end":{"line":114,"column":9}},"line":112},"17":{"name":"(anonymous_17)","decl":{"start":{"line":124,"column":22},"end":{"line":124,"column":23}},"loc":{"start":{"line":124,"column":45},"end":{"line":124,"column":108}},"line":124},"18":{"name":"(anonymous_18)","decl":{"start":{"line":125,"column":24},"end":{"line":125,"column":25}},"loc":{"start":{"line":125,"column":47},"end":{"line":125,"column":110}},"line":125},"19":{"name":"(anonymous_19)","decl":{"start":{"line":127,"column":21},"end":{"line":127,"column":22}},"loc":{"start":{"line":127,"column":43},"end":{"line":127,"column":94}},"line":127},"20":{"name":"(anonymous_20)","decl":{"start":{"line":128,"column":23},"end":{"line":128,"column":24}},"loc":{"start":{"line":128,"column":45},"end":{"line":128,"column":96}},"line":128},"21":{"name":"(anonymous_21)","decl":{"start":{"line":135,"column":22},"end":{"line":135,"column":23}},"loc":{"start":{"line":135,"column":34},"end":{"line":135,"column":76}},"line":135},"22":{"name":"(anonymous_22)","decl":{"start":{"line":139,"column":24},"end":{"line":139,"column":25}},"loc":{"start":{"line":139,"column":39},"end":{"line":139,"column":88}},"line":139},"23":{"name":"(anonymous_23)","decl":{"start":{"line":149,"column":28},"end":{"line":149,"column":29}},"loc":{"start":{"line":149,"column":39},"end":{"line":149,"column":86}},"line":149},"24":{"name":"(anonymous_24)","decl":{"start":{"line":165,"column":25},"end":{"line":165,"column":26}},"loc":{"start":{"line":165,"column":52},"end":{"line":187,"column":1}},"line":165},"25":{"name":"(anonymous_25)","decl":{"start":{"line":198,"column":28},"end":{"line":198,"column":29}},"loc":{"start":{"line":198,"column":53},"end":{"line":208,"column":1}},"line":198}},"branchMap":{"0":{"loc":{"start":{"line":165,"column":36},"end":{"line":165,"column":47}},"type":"default-arg","locations":[{"start":{"line":165,"column":45},"end":{"line":165,"column":47}}],"line":165},"1":{"loc":{"start":{"line":168,"column":4},"end":{"line":177,"column":5}},"type":"if","locations":[{"start":{"line":168,"column":4},"end":{"line":177,"column":5}},{"start":{"line":171,"column":11},"end":{"line":177,"column":5}}],"line":168},"2":{"loc":{"start":{"line":171,"column":11},"end":{"line":177,"column":5}},"type":"if","locations":[{"start":{"line":171,"column":11},"end":{"line":177,"column":5}},{"start":{"line":174,"column":11},"end":{"line":177,"column":5}}],"line":171},"3":{"loc":{"start":{"line":171,"column":14},"end":{"line":171,"column":72}},"type":"binary-expr","locations":[{"start":{"line":171,"column":14},"end":{"line":171,"column":40}},{"start":{"line":171,"column":44},"end":{"line":171,"column":72}}],"line":171},"4":{"loc":{"start":{"line":198,"column":39},"end":{"line":198,"column":48}},"type":"default-arg","locations":[{"start":{"line":198,"column":46},"end":{"line":198,"column":48}}],"line":198}},"s":{"0":1,"1":0,"2":0,"3":1,"4":0,"5":0,"6":0,"7":0,"8":0,"9":0,"10":0,"11":0,"12":0,"13":0,"14":0,"15":0,"16":0,"17":0,"18":0,"19":0,"20":0,"21":0,"22":0,"23":0,"24":0,"25":1,"26":0,"27":0,"28":0,"29":0,"30":0,"31":0,"32":0,"33":1,"34":0},"f":{"0":0,"1":0,"2":1,"3":0,"4":0,"5":0,"6":0,"7":0,"8":0,"9":0,"10":0,"11":0,"12":0,"13":0,"14":0,"15":0,"16":0,"17":0,"18":0,"19":0,"20":0,"21":0,"22":0,"23":0,"24":0,"25":0},"b":{"0":[0],"1":[0,0],"2":[0,0],"3":[0,0],"4":[0]},"_coverageSchema":"1a1c01bbd47fc00a2c39e90264f33305004495a9","hash":"b16e4f7284bec89939773aba3ecf99997e2d72b8"}
}
