{"D:\\ARQUIVOS\\Plataforma_matematica\\plataforma-matematica\\src\\app.js": {"path":"D:\\ARQUIVOS\\Plataforma_matematica\\plataforma-matematica\\src\\app.js","statementMap":{"0":{"start":{"line":6,"column":12},"end":{"line":6,"column":21}},"1":{"start":{"line":8,"column":0},"end":{"line":8,"column":16}},"2":{"start":{"line":15,"column":0},"end":{"line":15,"column":24}},"3":{"start":{"line":18,"column":0},"end":{"line":18,"column":12}}},"fnMap":{},"branchMap":{},"s":{"0":1,"1":1,"2":1,"3":1},"f":{},"b":{},"_coverageSchema":"1a1c01bbd47fc00a2c39e90264f33305004495a9","hash":"edbb4cc7e359d6dfd4c68a9fdaaa6ccb655e65c7"}
,"D:\\ARQUIVOS\\Plataforma_matematica\\plataforma-matematica\\src\\configs\\prismaClient.js": {"path":"D:\\ARQUIVOS\\Plataforma_matematica\\plataforma-matematica\\src\\configs\\prismaClient.js","statementMap":{"0":{"start":{"line":5,"column":15},"end":{"line":5,"column":33}}},"fnMap":{},"branchMap":{},"s":{"0":1},"f":{},"b":{},"_coverageSchema":"1a1c01bbd47fc00a2c39e90264f33305004495a9","hash":"c47a3705e55e2fc69dc9a10831b44e020104fc98"}
,"D:\\ARQUIVOS\\Plataforma_matematica\\plataforma-matematica\\src\\controllers\\UsuarioController.js": {"path":"D:\\ARQUIVOS\\Plataforma_matematica\\plataforma-matematica\\src\\controllers\\UsuarioController.js","statementMap":{"0":{"start":{"line":6,"column":0},"end":{"line":6,"column":13}},"1":{"start":{"line":10,"column":18},"end":{"line":65,"column":3}},"2":{"start":{"line":11,"column":4},"end":{"line":64,"column":5}},"3":{"start":{"line":13,"column":25},"end":{"line":38,"column":7}},"4":{"start":{"line":40,"column":6},"end":{"line":53,"column":7}},"5":{"start":{"line":41,"column":8},"end":{"line":44,"column":51}},"6":{"start":{"line":46,"column":8},"end":{"line":52,"column":9}},"7":{"start":{"line":56,"column":6},"end":{"line":58,"column":7}},"8":{"start":{"line":57,"column":8},"end":{"line":57,"column":25}},"9":{"start":{"line":59,"column":6},"end":{"line":63,"column":20}},"10":{"start":{"line":68,"column":23},"end":{"line":107,"column":3}},"11":{"start":{"line":69,"column":4},"end":{"line":106,"column":5}},"12":{"start":{"line":71,"column":6},"end":{"line":71,"column":33}},"13":{"start":{"line":74,"column":25},"end":{"line":96,"column":7}},"14":{"start":{"line":98,"column":6},"end":{"line":98,"column":30}},"15":{"start":{"line":100,"column":6},"end":{"line":102,"column":7}},"16":{"start":{"line":101,"column":8},"end":{"line":101,"column":48}},"17":{"start":{"line":104,"column":6},"end":{"line":104,"column":25}},"18":{"start":{"line":105,"column":6},"end":{"line":105,"column":100}},"19":{"start":{"line":110,"column":19},"end":{"line":171,"column":3}},"20":{"start":{"line":111,"column":4},"end":{"line":170,"column":5}},"21":{"start":{"line":113,"column":44},"end":{"line":113,"column":52}},"22":{"start":{"line":115,"column":20},"end":{"line":115,"column":22}},"23":{"start":{"line":118,"column":6},"end":{"line":120,"column":7}},"24":{"start":{"line":119,"column":8},"end":{"line":119,"column":77}},"25":{"start":{"line":121,"column":6},"end":{"line":123,"column":7}},"26":{"start":{"line":122,"column":8},"end":{"line":122,"column":78}},"27":{"start":{"line":124,"column":6},"end":{"line":126,"column":7}},"28":{"start":{"line":125,"column":8},"end":{"line":125,"column":78}},"29":{"start":{"line":127,"column":6},"end":{"line":129,"column":7}},"30":{"start":{"line":128,"column":8},"end":{"line":128,"column":78}},"31":{"start":{"line":132,"column":25},"end":{"line":138,"column":8}},"32":{"start":{"line":141,"column":6},"end":{"line":144,"column":7}},"33":{"start":{"line":143,"column":8},"end":{"line":143,"column":78}},"34":{"start":{"line":146,"column":6},"end":{"line":148,"column":7}},"35":{"start":{"line":147,"column":8},"end":{"line":147,"column":42}},"36":{"start":{"line":151,"column":25},"end":{"line":151,"column":75}},"37":{"start":{"line":154,"column":26},"end":{"line":161,"column":8}},"38":{"start":{"line":164,"column":6},"end":{"line":164,"column":31}},"39":{"start":{"line":165,"column":6},"end":{"line":165,"column":47}},"40":{"start":{"line":168,"column":6},"end":{"line":168,"column":25}},"41":{"start":{"line":169,"column":6},"end":{"line":169,"column":100}},"42":{"start":{"line":174,"column":21},"end":{"line":248,"column":3}},"43":{"start":{"line":175,"column":4},"end":{"line":247,"column":5}},"44":{"start":{"line":177,"column":6},"end":{"line":179,"column":7}},"45":{"start":{"line":178,"column":8},"end":{"line":178,"column":105}},"46":{"start":{"line":181,"column":17},"end":{"line":181,"column":30}},"47":{"start":{"line":182,"column":44},"end":{"line":182,"column":52}},"48":{"start":{"line":185,"column":6},"end":{"line":188,"column":7}},"49":{"start":{"line":187,"column":8},"end":{"line":187,"column":132}},"50":{"start":{"line":191,"column":26},"end":{"line":195,"column":8}},"51":{"start":{"line":197,"column":6},"end":{"line":197,"column":24}},"52":{"start":{"line":198,"column":6},"end":{"line":198,"column":31}},"53":{"start":{"line":201,"column":6},"end":{"line":220,"column":7}},"54":{"start":{"line":202,"column":8},"end":{"line":219,"column":9}},"55":{"start":{"line":204,"column":40},"end":{"line":215,"column":12}},"56":{"start":{"line":216,"column":10},"end":{"line":218,"column":11}},"57":{"start":{"line":217,"column":12},"end":{"line":217,"column":101}},"58":{"start":{"line":223,"column":6},"end":{"line":225,"column":7}},"59":{"start":{"line":224,"column":27},"end":{"line":224,"column":77}},"60":{"start":{"line":228,"column":26},"end":{"line":238,"column":8}},"61":{"start":{"line":241,"column":6},"end":{"line":241,"column":31}},"62":{"start":{"line":242,"column":6},"end":{"line":242,"column":47}},"63":{"start":{"line":245,"column":6},"end":{"line":245,"column":25}},"64":{"start":{"line":246,"column":6},"end":{"line":246,"column":100}},"65":{"start":{"line":251,"column":19},"end":{"line":313,"column":3}},"66":{"start":{"line":252,"column":4},"end":{"line":312,"column":5}},"67":{"start":{"line":253,"column":20},"end":{"line":253,"column":22}},"68":{"start":{"line":256,"column":6},"end":{"line":258,"column":7}},"69":{"start":{"line":257,"column":8},"end":{"line":257,"column":105}},"70":{"start":{"line":260,"column":17},"end":{"line":260,"column":30}},"71":{"start":{"line":263,"column":25},"end":{"line":267,"column":8}},"72":{"start":{"line":270,"column":6},"end":{"line":272,"column":7}},"73":{"start":{"line":271,"column":8},"end":{"line":271,"column":100}},"74":{"start":{"line":275,"column":30},"end":{"line":279,"column":8}},"75":{"start":{"line":281,"column":31},"end":{"line":285,"column":8}},"76":{"start":{"line":287,"column":6},"end":{"line":289,"column":7}},"77":{"start":{"line":288,"column":8},"end":{"line":288,"column":159}},"78":{"start":{"line":291,"column":6},"end":{"line":293,"column":7}},"79":{"start":{"line":292,"column":8},"end":{"line":292,"column":161}},"80":{"start":{"line":295,"column":6},"end":{"line":297,"column":7}},"81":{"start":{"line":296,"column":8},"end":{"line":296,"column":42}},"82":{"start":{"line":300,"column":26},"end":{"line":304,"column":8}},"83":{"start":{"line":307,"column":6},"end":{"line":307,"column":47}},"84":{"start":{"line":310,"column":6},"end":{"line":310,"column":25}},"85":{"start":{"line":311,"column":6},"end":{"line":311,"column":100}}},"fnMap":{"0":{"name":"(anonymous_0)","decl":{"start":{"line":10,"column":18},"end":{"line":10,"column":19}},"loc":{"start":{"line":10,"column":38},"end":{"line":65,"column":3}},"line":10},"1":{"name":"(anonymous_1)","decl":{"start":{"line":68,"column":23},"end":{"line":68,"column":24}},"loc":{"start":{"line":68,"column":43},"end":{"line":107,"column":3}},"line":68},"2":{"name":"(anonymous_2)","decl":{"start":{"line":110,"column":19},"end":{"line":110,"column":20}},"loc":{"start":{"line":110,"column":39},"end":{"line":171,"column":3}},"line":110},"3":{"name":"(anonymous_3)","decl":{"start":{"line":174,"column":21},"end":{"line":174,"column":22}},"loc":{"start":{"line":174,"column":41},"end":{"line":248,"column":3}},"line":174},"4":{"name":"(anonymous_4)","decl":{"start":{"line":251,"column":19},"end":{"line":251,"column":20}},"loc":{"start":{"line":251,"column":39},"end":{"line":313,"column":3}},"line":251}},"branchMap":{"0":{"loc":{"start":{"line":40,"column":6},"end":{"line":53,"column":7}},"type":"if","locations":[{"start":{"line":40,"column":6},"end":{"line":53,"column":7}},{"start":{"line":45,"column":13},"end":{"line":53,"column":7}}],"line":40},"1":{"loc":{"start":{"line":56,"column":6},"end":{"line":58,"column":7}},"type":"if","locations":[{"start":{"line":56,"column":6},"end":{"line":58,"column":7}},{"start":{},"end":{}}],"line":56},"2":{"loc":{"start":{"line":100,"column":6},"end":{"line":102,"column":7}},"type":"if","locations":[{"start":{"line":100,"column":6},"end":{"line":102,"column":7}},{"start":{},"end":{}}],"line":100},"3":{"loc":{"start":{"line":118,"column":6},"end":{"line":120,"column":7}},"type":"if","locations":[{"start":{"line":118,"column":6},"end":{"line":120,"column":7}},{"start":{},"end":{}}],"line":118},"4":{"loc":{"start":{"line":121,"column":6},"end":{"line":123,"column":7}},"type":"if","locations":[{"start":{"line":121,"column":6},"end":{"line":123,"column":7}},{"start":{},"end":{}}],"line":121},"5":{"loc":{"start":{"line":124,"column":6},"end":{"line":126,"column":7}},"type":"if","locations":[{"start":{"line":124,"column":6},"end":{"line":126,"column":7}},{"start":{},"end":{}}],"line":124},"6":{"loc":{"start":{"line":127,"column":6},"end":{"line":129,"column":7}},"type":"if","locations":[{"start":{"line":127,"column":6},"end":{"line":129,"column":7}},{"start":{},"end":{}}],"line":127},"7":{"loc":{"start":{"line":141,"column":6},"end":{"line":144,"column":7}},"type":"if","locations":[{"start":{"line":141,"column":6},"end":{"line":144,"column":7}},{"start":{"line":142,"column":13},"end":{"line":144,"column":7}}],"line":141},"8":{"loc":{"start":{"line":146,"column":6},"end":{"line":148,"column":7}},"type":"if","locations":[{"start":{"line":146,"column":6},"end":{"line":148,"column":7}},{"start":{},"end":{}}],"line":146},"9":{"loc":{"start":{"line":177,"column":6},"end":{"line":179,"column":7}},"type":"if","locations":[{"start":{"line":177,"column":6},"end":{"line":179,"column":7}},{"start":{},"end":{}}],"line":177},"10":{"loc":{"start":{"line":185,"column":6},"end":{"line":188,"column":7}},"type":"if","locations":[{"start":{"line":185,"column":6},"end":{"line":188,"column":7}},{"start":{"line":186,"column":13},"end":{"line":188,"column":7}}],"line":185},"11":{"loc":{"start":{"line":185,"column":10},"end":{"line":185,"column":47}},"type":"binary-expr","locations":[{"start":{"line":185,"column":10},"end":{"line":185,"column":14}},{"start":{"line":185,"column":18},"end":{"line":185,"column":23}},{"start":{"line":185,"column":27},"end":{"line":185,"column":32}},{"start":{"line":185,"column":36},"end":{"line":185,"column":41}},{"start":{"line":185,"column":45},"end":{"line":185,"column":47}}],"line":185},"12":{"loc":{"start":{"line":201,"column":6},"end":{"line":220,"column":7}},"type":"if","locations":[{"start":{"line":201,"column":6},"end":{"line":220,"column":7}},{"start":{},"end":{}}],"line":201},"13":{"loc":{"start":{"line":202,"column":8},"end":{"line":219,"column":9}},"type":"if","locations":[{"start":{"line":202,"column":8},"end":{"line":219,"column":9}},{"start":{},"end":{}}],"line":202},"14":{"loc":{"start":{"line":216,"column":10},"end":{"line":218,"column":11}},"type":"if","locations":[{"start":{"line":216,"column":10},"end":{"line":218,"column":11}},{"start":{},"end":{}}],"line":216},"15":{"loc":{"start":{"line":223,"column":6},"end":{"line":225,"column":7}},"type":"if","locations":[{"start":{"line":223,"column":6},"end":{"line":225,"column":7}},{"start":{},"end":{}}],"line":223},"16":{"loc":{"start":{"line":256,"column":6},"end":{"line":258,"column":7}},"type":"if","locations":[{"start":{"line":256,"column":6},"end":{"line":258,"column":7}},{"start":{},"end":{}}],"line":256},"17":{"loc":{"start":{"line":270,"column":6},"end":{"line":272,"column":7}},"type":"if","locations":[{"start":{"line":270,"column":6},"end":{"line":272,"column":7}},{"start":{},"end":{}}],"line":270},"18":{"loc":{"start":{"line":287,"column":6},"end":{"line":289,"column":7}},"type":"if","locations":[{"start":{"line":287,"column":6},"end":{"line":289,"column":7}},{"start":{},"end":{}}],"line":287},"19":{"loc":{"start":{"line":291,"column":6},"end":{"line":293,"column":7}},"type":"if","locations":[{"start":{"line":291,"column":6},"end":{"line":293,"column":7}},{"start":{},"end":{}}],"line":291},"20":{"loc":{"start":{"line":295,"column":6},"end":{"line":297,"column":7}},"type":"if","locations":[{"start":{"line":295,"column":6},"end":{"line":297,"column":7}},{"start":{},"end":{}}],"line":295}},"s":{"0":1,"1":1,"2":0,"3":0,"4":0,"5":0,"6":0,"7":0,"8":0,"9":0,"10":1,"11":0,"12":0,"13":0,"14":0,"15":0,"16":0,"17":0,"18":0,"19":1,"20":0,"21":0,"22":0,"23":0,"24":0,"25":0,"26":0,"27":0,"28":0,"29":0,"30":0,"31":0,"32":0,"33":0,"34":0,"35":0,"36":0,"37":0,"38":0,"39":0,"40":0,"41":0,"42":1,"43":0,"44":0,"45":0,"46":0,"47":0,"48":0,"49":0,"50":0,"51":0,"52":0,"53":0,"54":0,"55":0,"56":0,"57":0,"58":0,"59":0,"60":0,"61":0,"62":0,"63":0,"64":0,"65":1,"66":0,"67":0,"68":0,"69":0,"70":0,"71":0,"72":0,"73":0,"74":0,"75":0,"76":0,"77":0,"78":0,"79":0,"80":0,"81":0,"82":0,"83":0,"84":0,"85":0},"f":{"0":0,"1":0,"2":0,"3":0,"4":0},"b":{"0":[0,0],"1":[0,0],"2":[0,0],"3":[0,0],"4":[0,0],"5":[0,0],"6":[0,0],"7":[0,0],"8":[0,0],"9":[0,0],"10":[0,0],"11":[0,0,0,0,0],"12":[0,0],"13":[0,0],"14":[0,0],"15":[0,0],"16":[0,0],"17":[0,0],"18":[0,0],"19":[0,0],"20":[0,0]},"_coverageSchema":"1a1c01bbd47fc00a2c39e90264f33305004495a9","hash":"1801a4a0653e14673843c973cdea0fba6a3d3761"}
,"D:\\ARQUIVOS\\Plataforma_matematica\\plataforma-matematica\\src\\controllers\\loginController.js": {"path":"D:\\ARQUIVOS\\Plataforma_matematica\\plataforma-matematica\\src\\controllers\\loginController.js","statementMap":{"0":{"start":{"line":5,"column":17},"end":{"line":40,"column":3}},"1":{"start":{"line":6,"column":4},"end":{"line":39,"column":5}},"2":{"start":{"line":7,"column":31},"end":{"line":7,"column":39}},"3":{"start":{"line":9,"column":6},"end":{"line":9,"column":87}},"4":{"start":{"line":11,"column":29},"end":{"line":11,"column":72}},"5":{"start":{"line":14,"column":6},"end":{"line":16,"column":7}},"6":{"start":{"line":15,"column":8},"end":{"line":15,"column":36}},"7":{"start":{"line":18,"column":6},"end":{"line":20,"column":7}},"8":{"start":{"line":19,"column":8},"end":{"line":19,"column":121}},"9":{"start":{"line":24,"column":6},"end":{"line":24,"column":109}},"10":{"start":{"line":25,"column":6},"end":{"line":35,"column":9}},"11":{"start":{"line":37,"column":6},"end":{"line":37,"column":25}},"12":{"start":{"line":38,"column":6},"end":{"line":38,"column":84}}},"fnMap":{"0":{"name":"(anonymous_0)","decl":{"start":{"line":5,"column":17},"end":{"line":5,"column":18}},"loc":{"start":{"line":5,"column":37},"end":{"line":40,"column":3}},"line":5}},"branchMap":{"0":{"loc":{"start":{"line":14,"column":6},"end":{"line":16,"column":7}},"type":"if","locations":[{"start":{"line":14,"column":6},"end":{"line":16,"column":7}},{"start":{},"end":{}}],"line":14},"1":{"loc":{"start":{"line":18,"column":6},"end":{"line":20,"column":7}},"type":"if","locations":[{"start":{"line":18,"column":6},"end":{"line":20,"column":7}},{"start":{},"end":{}}],"line":18}},"s":{"0":1,"1":0,"2":0,"3":0,"4":0,"5":0,"6":0,"7":0,"8":0,"9":0,"10":0,"11":0,"12":0},"f":{"0":0},"b":{"0":[0,0],"1":[0,0]},"_coverageSchema":"1a1c01bbd47fc00a2c39e90264f33305004495a9","hash":"45a6164ecbcef2b84ee708697e99e5e643fa4485"}
,"D:\\ARQUIVOS\\Plataforma_matematica\\plataforma-matematica\\src\\controllers\\questaoController.js": {"path":"D:\\ARQUIVOS\\Plataforma_matematica\\plataforma-matematica\\src\\controllers\\questaoController.js","statementMap":{"0":{"start":{"line":9,"column":0},"end":{"line":9,"column":13}},"1":{"start":{"line":12,"column":18},"end":{"line":23,"column":3}},"2":{"start":{"line":13,"column":4},"end":{"line":22,"column":5}},"3":{"start":{"line":14,"column":23},"end":{"line":14,"column":54}},"4":{"start":{"line":15,"column":6},"end":{"line":15,"column":51}},"5":{"start":{"line":17,"column":6},"end":{"line":21,"column":9}},"6":{"start":{"line":24,"column":23},"end":{"line":45,"column":3}},"7":{"start":{"line":25,"column":4},"end":{"line":44,"column":5}},"8":{"start":{"line":26,"column":25},"end":{"line":26,"column":48}},"9":{"start":{"line":28,"column":28},"end":{"line":28,"column":72}},"10":{"start":{"line":30,"column":6},"end":{"line":40,"column":7}},"11":{"start":{"line":31,"column":8},"end":{"line":31,"column":75}},"12":{"start":{"line":33,"column":8},"end":{"line":39,"column":12}},"13":{"start":{"line":42,"column":6},"end":{"line":42,"column":25}},"14":{"start":{"line":43,"column":6},"end":{"line":43,"column":64}},"15":{"start":{"line":47,"column":21},"end":{"line":78,"column":3}},"16":{"start":{"line":48,"column":4},"end":{"line":77,"column":5}},"17":{"start":{"line":49,"column":6},"end":{"line":49,"column":28}},"18":{"start":{"line":51,"column":6},"end":{"line":53,"column":7}},"19":{"start":{"line":52,"column":8},"end":{"line":52,"column":92}},"20":{"start":{"line":55,"column":17},"end":{"line":55,"column":40}},"21":{"start":{"line":56,"column":23},"end":{"line":56,"column":31}},"22":{"start":{"line":59,"column":6},"end":{"line":61,"column":7}},"23":{"start":{"line":60,"column":8},"end":{"line":60,"column":104}},"24":{"start":{"line":63,"column":51},"end":{"line":63,"column":55}},"25":{"start":{"line":66,"column":6},"end":{"line":73,"column":7}},"26":{"start":{"line":68,"column":34},"end":{"line":68,"column":102}},"27":{"start":{"line":70,"column":8},"end":{"line":70,"column":113}},"28":{"start":{"line":72,"column":8},"end":{"line":72,"column":111}},"29":{"start":{"line":75,"column":6},"end":{"line":75,"column":25}},"30":{"start":{"line":76,"column":6},"end":{"line":76,"column":64}},"31":{"start":{"line":80,"column":25},"end":{"line":106,"column":3}},"32":{"start":{"line":81,"column":4},"end":{"line":105,"column":5}},"33":{"start":{"line":82,"column":27},"end":{"line":88,"column":9}},"34":{"start":{"line":90,"column":30},"end":{"line":90,"column":69}},"35":{"start":{"line":92,"column":8},"end":{"line":92,"column":31}},"36":{"start":{"line":93,"column":8},"end":{"line":93,"column":58}},"37":{"start":{"line":96,"column":8},"end":{"line":96,"column":24}},"38":{"start":{"line":97,"column":6},"end":{"line":104,"column":7}},"39":{"start":{"line":98,"column":8},"end":{"line":98,"column":67}},"40":{"start":{"line":99,"column":12},"end":{"line":104,"column":7}},"41":{"start":{"line":100,"column":30},"end":{"line":100,"column":70}},"42":{"start":{"line":100,"column":56},"end":{"line":100,"column":69}},"43":{"start":{"line":101,"column":8},"end":{"line":101,"column":49}},"44":{"start":{"line":103,"column":8},"end":{"line":103,"column":64}}},"fnMap":{"0":{"name":"(anonymous_0)","decl":{"start":{"line":12,"column":18},"end":{"line":12,"column":19}},"loc":{"start":{"line":12,"column":38},"end":{"line":23,"column":3}},"line":12},"1":{"name":"(anonymous_1)","decl":{"start":{"line":24,"column":23},"end":{"line":24,"column":24}},"loc":{"start":{"line":24,"column":43},"end":{"line":45,"column":3}},"line":24},"2":{"name":"(anonymous_2)","decl":{"start":{"line":47,"column":21},"end":{"line":47,"column":22}},"loc":{"start":{"line":47,"column":41},"end":{"line":78,"column":3}},"line":47},"3":{"name":"(anonymous_3)","decl":{"start":{"line":80,"column":25},"end":{"line":80,"column":26}},"loc":{"start":{"line":80,"column":44},"end":{"line":106,"column":3}},"line":80},"4":{"name":"(anonymous_4)","decl":{"start":{"line":100,"column":45},"end":{"line":100,"column":46}},"loc":{"start":{"line":100,"column":56},"end":{"line":100,"column":69}},"line":100}},"branchMap":{"0":{"loc":{"start":{"line":30,"column":6},"end":{"line":40,"column":7}},"type":"if","locations":[{"start":{"line":30,"column":6},"end":{"line":40,"column":7}},{"start":{"line":32,"column":13},"end":{"line":40,"column":7}}],"line":30},"1":{"loc":{"start":{"line":51,"column":6},"end":{"line":53,"column":7}},"type":"if","locations":[{"start":{"line":51,"column":6},"end":{"line":53,"column":7}},{"start":{},"end":{}}],"line":51},"2":{"loc":{"start":{"line":59,"column":6},"end":{"line":61,"column":7}},"type":"if","locations":[{"start":{"line":59,"column":6},"end":{"line":61,"column":7}},{"start":{},"end":{}}],"line":59},"3":{"loc":{"start":{"line":59,"column":10},"end":{"line":59,"column":49}},"type":"binary-expr","locations":[{"start":{"line":59,"column":10},"end":{"line":59,"column":15}},{"start":{"line":59,"column":19},"end":{"line":59,"column":49}}],"line":59},"4":{"loc":{"start":{"line":66,"column":6},"end":{"line":73,"column":7}},"type":"if","locations":[{"start":{"line":66,"column":6},"end":{"line":73,"column":7}},{"start":{"line":71,"column":13},"end":{"line":73,"column":7}}],"line":66},"5":{"loc":{"start":{"line":66,"column":10},"end":{"line":66,"column":48}},"type":"binary-expr","locations":[{"start":{"line":66,"column":10},"end":{"line":66,"column":16}},{"start":{"line":66,"column":20},"end":{"line":66,"column":27}},{"start":{"line":66,"column":31},"end":{"line":66,"column":34}},{"start":{"line":66,"column":38},"end":{"line":66,"column":48}}],"line":66},"6":{"loc":{"start":{"line":97,"column":6},"end":{"line":104,"column":7}},"type":"if","locations":[{"start":{"line":97,"column":6},"end":{"line":104,"column":7}},{"start":{"line":99,"column":12},"end":{"line":104,"column":7}}],"line":97},"7":{"loc":{"start":{"line":99,"column":12},"end":{"line":104,"column":7}},"type":"if","locations":[{"start":{"line":99,"column":12},"end":{"line":104,"column":7}},{"start":{"line":102,"column":11},"end":{"line":104,"column":7}}],"line":99}},"s":{"0":1,"1":1,"2":0,"3":0,"4":0,"5":0,"6":1,"7":0,"8":0,"9":0,"10":0,"11":0,"12":0,"13":0,"14":0,"15":1,"16":0,"17":0,"18":0,"19":0,"20":0,"21":0,"22":0,"23":0,"24":0,"25":0,"26":0,"27":0,"28":0,"29":0,"30":0,"31":1,"32":0,"33":0,"34":0,"35":0,"36":0,"37":0,"38":0,"39":0,"40":0,"41":0,"42":0,"43":0,"44":0},"f":{"0":0,"1":0,"2":0,"3":0,"4":0},"b":{"0":[0,0],"1":[0,0],"2":[0,0],"3":[0,0],"4":[0,0],"5":[0,0,0,0],"6":[0,0],"7":[0,0]},"_coverageSchema":"1a1c01bbd47fc00a2c39e90264f33305004495a9","hash":"a826722262d85c5e32cfa14d6d4505039ece59a4"}
,"D:\\ARQUIVOS\\Plataforma_matematica\\plataforma-matematica\\src\\controllers\\turmaController.js": {"path":"D:\\ARQUIVOS\\Plataforma_matematica\\plataforma-matematica\\src\\controllers\\turmaController.js","statementMap":{"0":{"start":{"line":7,"column":0},"end":{"line":7,"column":13}},"1":{"start":{"line":20,"column":18},"end":{"line":41,"column":3}},"2":{"start":{"line":21,"column":4},"end":{"line":40,"column":5}},"3":{"start":{"line":23,"column":25},"end":{"line":23,"column":35}},"4":{"start":{"line":25,"column":23},"end":{"line":25,"column":56}},"5":{"start":{"line":28,"column":6},"end":{"line":34,"column":7}},"6":{"start":{"line":29,"column":8},"end":{"line":29,"column":116}},"7":{"start":{"line":31,"column":8},"end":{"line":33,"column":11}},"8":{"start":{"line":36,"column":6},"end":{"line":38,"column":7}},"9":{"start":{"line":37,"column":8},"end":{"line":37,"column":25}},"10":{"start":{"line":39,"column":6},"end":{"line":39,"column":64}},"11":{"start":{"line":52,"column":23},"end":{"line":67,"column":3}},"12":{"start":{"line":53,"column":4},"end":{"line":66,"column":5}},"13":{"start":{"line":54,"column":22},"end":{"line":54,"column":45}},"14":{"start":{"line":55,"column":26},"end":{"line":55,"column":65}},"15":{"start":{"line":58,"column":6},"end":{"line":62,"column":7}},"16":{"start":{"line":59,"column":8},"end":{"line":59,"column":73}},"17":{"start":{"line":61,"column":8},"end":{"line":61,"column":115}},"18":{"start":{"line":64,"column":6},"end":{"line":64,"column":25}},"19":{"start":{"line":65,"column":6},"end":{"line":65,"column":64}},"20":{"start":{"line":69,"column":23},"end":{"line":90,"column":1}},"21":{"start":{"line":71,"column":4},"end":{"line":71,"column":71}},"22":{"start":{"line":72,"column":4},"end":{"line":89,"column":5}},"23":{"start":{"line":73,"column":27},"end":{"line":73,"column":62}},"24":{"start":{"line":75,"column":6},"end":{"line":75,"column":47}},"25":{"start":{"line":76,"column":6},"end":{"line":78,"column":7}},"26":{"start":{"line":77,"column":8},"end":{"line":77,"column":127}},"27":{"start":{"line":80,"column":6},"end":{"line":87,"column":7}},"28":{"start":{"line":82,"column":32},"end":{"line":85,"column":11}},"29":{"start":{"line":82,"column":57},"end":{"line":85,"column":9}},"30":{"start":{"line":86,"column":8},"end":{"line":86,"column":89}},"31":{"start":{"line":88,"column":6},"end":{"line":88,"column":90}},"32":{"start":{"line":92,"column":28},"end":{"line":120,"column":3}},"33":{"start":{"line":93,"column":4},"end":{"line":119,"column":5}},"34":{"start":{"line":94,"column":13},"end":{"line":94,"column":26}},"35":{"start":{"line":95,"column":25},"end":{"line":97,"column":7}},"36":{"start":{"line":98,"column":6},"end":{"line":98,"column":81}},"37":{"start":{"line":101,"column":20},"end":{"line":101,"column":80}},"38":{"start":{"line":104,"column":6},"end":{"line":104,"column":50}},"39":{"start":{"line":108,"column":6},"end":{"line":108,"column":31}},"40":{"start":{"line":110,"column":6},"end":{"line":118,"column":7}},"41":{"start":{"line":111,"column":8},"end":{"line":111,"column":56}},"42":{"start":{"line":113,"column":12},"end":{"line":118,"column":7}},"43":{"start":{"line":114,"column":8},"end":{"line":114,"column":56}},"44":{"start":{"line":117,"column":8},"end":{"line":117,"column":73}},"45":{"start":{"line":123,"column":26},"end":{"line":142,"column":3}},"46":{"start":{"line":124,"column":4},"end":{"line":141,"column":5}},"47":{"start":{"line":126,"column":30},"end":{"line":126,"column":68}},"48":{"start":{"line":127,"column":6},"end":{"line":127,"column":129}},"49":{"start":{"line":131,"column":6},"end":{"line":138,"column":7}},"50":{"start":{"line":133,"column":32},"end":{"line":136,"column":11}},"51":{"start":{"line":133,"column":57},"end":{"line":136,"column":9}},"52":{"start":{"line":137,"column":8},"end":{"line":137,"column":89}},"53":{"start":{"line":140,"column":6},"end":{"line":140,"column":78}},"54":{"start":{"line":144,"column":26},"end":{"line":162,"column":3}},"55":{"start":{"line":145,"column":4},"end":{"line":161,"column":5}},"56":{"start":{"line":147,"column":6},"end":{"line":147,"column":28}},"57":{"start":{"line":149,"column":30},"end":{"line":149,"column":68}},"58":{"start":{"line":150,"column":6},"end":{"line":150,"column":127}},"59":{"start":{"line":153,"column":6},"end":{"line":159,"column":7}},"60":{"start":{"line":154,"column":32},"end":{"line":157,"column":11}},"61":{"start":{"line":154,"column":57},"end":{"line":157,"column":9}},"62":{"start":{"line":158,"column":8},"end":{"line":158,"column":89}},"63":{"start":{"line":160,"column":6},"end":{"line":160,"column":78}},"64":{"start":{"line":163,"column":24},"end":{"line":178,"column":3}},"65":{"start":{"line":164,"column":4},"end":{"line":177,"column":5}},"66":{"start":{"line":165,"column":6},"end":{"line":167,"column":7}},"67":{"start":{"line":166,"column":8},"end":{"line":166,"column":117}},"68":{"start":{"line":168,"column":17},"end":{"line":168,"column":30}},"69":{"start":{"line":169,"column":6},"end":{"line":169,"column":52}},"70":{"start":{"line":170,"column":6},"end":{"line":170,"column":115}},"71":{"start":{"line":172,"column":6},"end":{"line":174,"column":7}},"72":{"start":{"line":173,"column":8},"end":{"line":173,"column":117}},"73":{"start":{"line":175,"column":6},"end":{"line":175,"column":25}},"74":{"start":{"line":176,"column":6},"end":{"line":176,"column":64}}},"fnMap":{"0":{"name":"(anonymous_0)","decl":{"start":{"line":20,"column":18},"end":{"line":20,"column":19}},"loc":{"start":{"line":20,"column":38},"end":{"line":41,"column":3}},"line":20},"1":{"name":"(anonymous_1)","decl":{"start":{"line":52,"column":23},"end":{"line":52,"column":24}},"loc":{"start":{"line":52,"column":43},"end":{"line":67,"column":3}},"line":52},"2":{"name":"(anonymous_2)","decl":{"start":{"line":69,"column":23},"end":{"line":69,"column":24}},"loc":{"start":{"line":69,"column":43},"end":{"line":90,"column":1}},"line":69},"3":{"name":"(anonymous_3)","decl":{"start":{"line":82,"column":47},"end":{"line":82,"column":48}},"loc":{"start":{"line":82,"column":57},"end":{"line":85,"column":9}},"line":82},"4":{"name":"(anonymous_4)","decl":{"start":{"line":92,"column":28},"end":{"line":92,"column":29}},"loc":{"start":{"line":92,"column":48},"end":{"line":120,"column":3}},"line":92},"5":{"name":"(anonymous_5)","decl":{"start":{"line":123,"column":26},"end":{"line":123,"column":27}},"loc":{"start":{"line":123,"column":46},"end":{"line":142,"column":3}},"line":123},"6":{"name":"(anonymous_6)","decl":{"start":{"line":133,"column":47},"end":{"line":133,"column":48}},"loc":{"start":{"line":133,"column":57},"end":{"line":136,"column":9}},"line":133},"7":{"name":"(anonymous_7)","decl":{"start":{"line":144,"column":26},"end":{"line":144,"column":27}},"loc":{"start":{"line":144,"column":46},"end":{"line":162,"column":3}},"line":144},"8":{"name":"(anonymous_8)","decl":{"start":{"line":154,"column":47},"end":{"line":154,"column":48}},"loc":{"start":{"line":154,"column":57},"end":{"line":157,"column":9}},"line":154},"9":{"name":"(anonymous_9)","decl":{"start":{"line":163,"column":24},"end":{"line":163,"column":25}},"loc":{"start":{"line":163,"column":44},"end":{"line":178,"column":3}},"line":163}},"branchMap":{"0":{"loc":{"start":{"line":28,"column":6},"end":{"line":34,"column":7}},"type":"if","locations":[{"start":{"line":28,"column":6},"end":{"line":34,"column":7}},{"start":{"line":30,"column":13},"end":{"line":34,"column":7}}],"line":28},"1":{"loc":{"start":{"line":36,"column":6},"end":{"line":38,"column":7}},"type":"if","locations":[{"start":{"line":36,"column":6},"end":{"line":38,"column":7}},{"start":{},"end":{}}],"line":36},"2":{"loc":{"start":{"line":58,"column":6},"end":{"line":62,"column":7}},"type":"if","locations":[{"start":{"line":58,"column":6},"end":{"line":62,"column":7}},{"start":{"line":60,"column":13},"end":{"line":62,"column":7}}],"line":58},"3":{"loc":{"start":{"line":76,"column":6},"end":{"line":78,"column":7}},"type":"if","locations":[{"start":{"line":76,"column":6},"end":{"line":78,"column":7}},{"start":{},"end":{}}],"line":76},"4":{"loc":{"start":{"line":80,"column":6},"end":{"line":87,"column":7}},"type":"if","locations":[{"start":{"line":80,"column":6},"end":{"line":87,"column":7}},{"start":{},"end":{}}],"line":80},"5":{"loc":{"start":{"line":110,"column":6},"end":{"line":118,"column":7}},"type":"if","locations":[{"start":{"line":110,"column":6},"end":{"line":118,"column":7}},{"start":{"line":113,"column":12},"end":{"line":118,"column":7}}],"line":110},"6":{"loc":{"start":{"line":113,"column":12},"end":{"line":118,"column":7}},"type":"if","locations":[{"start":{"line":113,"column":12},"end":{"line":118,"column":7}},{"start":{"line":116,"column":11},"end":{"line":118,"column":7}}],"line":113},"7":{"loc":{"start":{"line":131,"column":6},"end":{"line":138,"column":7}},"type":"if","locations":[{"start":{"line":131,"column":6},"end":{"line":138,"column":7}},{"start":{},"end":{}}],"line":131},"8":{"loc":{"start":{"line":153,"column":6},"end":{"line":159,"column":7}},"type":"if","locations":[{"start":{"line":153,"column":6},"end":{"line":159,"column":7}},{"start":{},"end":{}}],"line":153},"9":{"loc":{"start":{"line":165,"column":6},"end":{"line":167,"column":7}},"type":"if","locations":[{"start":{"line":165,"column":6},"end":{"line":167,"column":7}},{"start":{},"end":{}}],"line":165},"10":{"loc":{"start":{"line":172,"column":6},"end":{"line":174,"column":7}},"type":"if","locations":[{"start":{"line":172,"column":6},"end":{"line":174,"column":7}},{"start":{},"end":{}}],"line":172}},"s":{"0":1,"1":1,"2":2,"3":2,"4":2,"5":2,"6":0,"7":2,"8":0,"9":0,"10":0,"11":1,"12":3,"13":3,"14":3,"15":2,"16":1,"17":1,"18":1,"19":1,"20":1,"21":1,"22":1,"23":1,"24":0,"25":0,"26":0,"27":1,"28":1,"29":1,"30":1,"31":0,"32":1,"33":0,"34":0,"35":0,"36":0,"37":0,"38":0,"39":0,"40":0,"41":0,"42":0,"43":0,"44":0,"45":1,"46":0,"47":0,"48":0,"49":0,"50":0,"51":0,"52":0,"53":0,"54":1,"55":0,"56":0,"57":0,"58":0,"59":0,"60":0,"61":0,"62":0,"63":0,"64":1,"65":0,"66":0,"67":0,"68":0,"69":0,"70":0,"71":0,"72":0,"73":0,"74":0},"f":{"0":2,"1":3,"2":1,"3":1,"4":0,"5":0,"6":0,"7":0,"8":0,"9":0},"b":{"0":[0,2],"1":[0,0],"2":[1,1],"3":[0,0],"4":[1,0],"5":[0,0],"6":[0,0],"7":[0,0],"8":[0,0],"9":[0,0],"10":[0,0]},"_coverageSchema":"1a1c01bbd47fc00a2c39e90264f33305004495a9","hash":"7fb6ef93d79c337afcfecaf5f04608b7c311b9a7"}
,"D:\\ARQUIVOS\\Plataforma_matematica\\plataforma-matematica\\src\\docs\\config\\head.js": {"path":"D:\\ARQUIVOS\\Plataforma_matematica\\plataforma-matematica\\src\\docs\\config\\head.js","statementMap":{"0":{"start":{"line":8,"column":33},"end":{"line":14,"column":1}},"1":{"start":{"line":9,"column":19},"end":{"line":9,"column":82}},"2":{"start":{"line":10,"column":20},"end":{"line":10,"column":84}},"3":{"start":{"line":12,"column":4},"end":{"line":13,"column":34}},"4":{"start":{"line":12,"column":47},"end":{"line":12,"column":72}},"5":{"start":{"line":13,"column":9},"end":{"line":13,"column":34}},"6":{"start":{"line":17,"column":26},"end":{"line":65,"column":1}},"7":{"start":{"line":18,"column":4},"end":{"line":64,"column":6}}},"fnMap":{"0":{"name":"(anonymous_0)","decl":{"start":{"line":8,"column":33},"end":{"line":8,"column":34}},"loc":{"start":{"line":8,"column":39},"end":{"line":14,"column":1}},"line":8},"1":{"name":"(anonymous_1)","decl":{"start":{"line":17,"column":26},"end":{"line":17,"column":27}},"loc":{"start":{"line":17,"column":32},"end":{"line":65,"column":1}},"line":17}},"branchMap":{"0":{"loc":{"start":{"line":9,"column":26},"end":{"line":9,"column":80}},"type":"binary-expr","locations":[{"start":{"line":9,"column":26},"end":{"line":9,"column":53}},{"start":{"line":9,"column":57},"end":{"line":9,"column":80}}],"line":9},"1":{"loc":{"start":{"line":10,"column":27},"end":{"line":10,"column":82}},"type":"binary-expr","locations":[{"start":{"line":10,"column":27},"end":{"line":10,"column":55}},{"start":{"line":10,"column":59},"end":{"line":10,"column":82}}],"line":10},"2":{"loc":{"start":{"line":12,"column":4},"end":{"line":13,"column":34}},"type":"if","locations":[{"start":{"line":12,"column":4},"end":{"line":13,"column":34}},{"start":{"line":13,"column":9},"end":{"line":13,"column":34}}],"line":12}},"s":{"0":1,"1":1,"2":1,"3":1,"4":0,"5":1,"6":1,"7":1},"f":{"0":1,"1":1},"b":{"0":[1,0],"1":[1,0],"2":[0,1]},"_coverageSchema":"1a1c01bbd47fc00a2c39e90264f33305004495a9","hash":"6d25eb0ca59fde1f389f20bace3b7f77157aaebe"}
,"D:\\ARQUIVOS\\Plataforma_matematica\\plataforma-matematica\\src\\docs\\routes\\auth.js": {"path":"D:\\ARQUIVOS\\Plataforma_matematica\\plataforma-matematica\\src\\docs\\routes\\auth.js","statementMap":{"0":{"start":{"line":3,"column":19},"end":{"line":29,"column":1}}},"fnMap":{},"branchMap":{},"s":{"0":1},"f":{},"b":{},"_coverageSchema":"1a1c01bbd47fc00a2c39e90264f33305004495a9","hash":"58a93626f3e1f7636a20bafad55289e5a3b3e2fb"}
,"D:\\ARQUIVOS\\Plataforma_matematica\\plataforma-matematica\\src\\docs\\routes\\turma.js": {"path":"D:\\ARQUIVOS\\Plataforma_matematica\\plataforma-matematica\\src\\docs\\routes\\turma.js","statementMap":{"0":{"start":{"line":5,"column":21},"end":{"line":167,"column":1}}},"fnMap":{},"branchMap":{},"s":{"0":1},"f":{},"b":{},"_coverageSchema":"1a1c01bbd47fc00a2c39e90264f33305004495a9","hash":"8e3db75936c592e4bcee3d67f566176c199674f1"}
,"D:\\ARQUIVOS\\Plataforma_matematica\\plataforma-matematica\\src\\docs\\routes\\users.js": {"path":"D:\\ARQUIVOS\\Plataforma_matematica\\plataforma-matematica\\src\\docs\\routes\\users.js","statementMap":{"0":{"start":{"line":5,"column":20},"end":{"line":116,"column":1}}},"fnMap":{},"branchMap":{},"s":{"0":1},"f":{},"b":{},"_coverageSchema":"1a1c01bbd47fc00a2c39e90264f33305004495a9","hash":"d24777914f9aee5a77fd35ca93b88730ae001087"}
,"D:\\ARQUIVOS\\Plataforma_matematica\\plataforma-matematica\\src\\docs\\schemas\\authSchema.js": {"path":"D:\\ARQUIVOS\\Plataforma_matematica\\plataforma-matematica\\src\\docs\\schemas\\authSchema.js","statementMap":{"0":{"start":{"line":1,"column":20},"end":{"line":15,"column":1}}},"fnMap":{},"branchMap":{},"s":{"0":1},"f":{},"b":{},"_coverageSchema":"1a1c01bbd47fc00a2c39e90264f33305004495a9","hash":"e7b06b9431ef9a8899d08cb31d17f772e98dde84"}
,"D:\\ARQUIVOS\\Plataforma_matematica\\plataforma-matematica\\src\\docs\\schemas\\commonResponses.js": {"path":"D:\\ARQUIVOS\\Plataforma_matematica\\plataforma-matematica\\src\\docs\\schemas\\commonResponses.js","statementMap":{"0":{"start":{"line":3,"column":24},"end":{"line":129,"column":1}},"1":{"start":{"line":4,"column":57},"end":{"line":20,"column":5}},"2":{"start":{"line":22,"column":56},"end":{"line":38,"column":5}},"3":{"start":{"line":40,"column":69},"end":{"line":56,"column":5}},"4":{"start":{"line":58,"column":64},"end":{"line":74,"column":5}},"5":{"start":{"line":76,"column":64},"end":{"line":92,"column":5}},"6":{"start":{"line":94,"column":64},"end":{"line":110,"column":5}},"7":{"start":{"line":112,"column":62},"end":{"line":128,"column":5}}},"fnMap":{"0":{"name":"(anonymous_0)","decl":{"start":{"line":4,"column":9},"end":{"line":4,"column":10}},"loc":{"start":{"line":4,"column":57},"end":{"line":20,"column":5}},"line":4},"1":{"name":"(anonymous_1)","decl":{"start":{"line":22,"column":9},"end":{"line":22,"column":10}},"loc":{"start":{"line":22,"column":56},"end":{"line":38,"column":5}},"line":22},"2":{"name":"(anonymous_2)","decl":{"start":{"line":40,"column":9},"end":{"line":40,"column":10}},"loc":{"start":{"line":40,"column":69},"end":{"line":56,"column":5}},"line":40},"3":{"name":"(anonymous_3)","decl":{"start":{"line":58,"column":9},"end":{"line":58,"column":10}},"loc":{"start":{"line":58,"column":64},"end":{"line":74,"column":5}},"line":58},"4":{"name":"(anonymous_4)","decl":{"start":{"line":76,"column":9},"end":{"line":76,"column":10}},"loc":{"start":{"line":76,"column":64},"end":{"line":92,"column":5}},"line":76},"5":{"name":"(anonymous_5)","decl":{"start":{"line":94,"column":9},"end":{"line":94,"column":10}},"loc":{"start":{"line":94,"column":64},"end":{"line":110,"column":5}},"line":94},"6":{"name":"(anonymous_6)","decl":{"start":{"line":112,"column":9},"end":{"line":112,"column":10}},"loc":{"start":{"line":112,"column":62},"end":{"line":128,"column":5}},"line":112}},"branchMap":{"0":{"loc":{"start":{"line":4,"column":10},"end":{"line":4,"column":26}},"type":"default-arg","locations":[{"start":{"line":4,"column":22},"end":{"line":4,"column":26}}],"line":4},"1":{"loc":{"start":{"line":4,"column":28},"end":{"line":4,"column":51}},"type":"default-arg","locations":[{"start":{"line":4,"column":42},"end":{"line":4,"column":51}}],"line":4},"2":{"loc":{"start":{"line":11,"column":30},"end":{"line":11,"column":105}},"type":"cond-expr","locations":[{"start":{"line":11,"column":42},"end":{"line":11,"column":61}},{"start":{"line":11,"column":64},"end":{"line":11,"column":105}}],"line":11},"3":{"loc":{"start":{"line":22,"column":10},"end":{"line":22,"column":26}},"type":"default-arg","locations":[{"start":{"line":22,"column":22},"end":{"line":22,"column":26}}],"line":22},"4":{"loc":{"start":{"line":22,"column":28},"end":{"line":22,"column":50}},"type":"default-arg","locations":[{"start":{"line":22,"column":42},"end":{"line":22,"column":50}}],"line":22},"5":{"loc":{"start":{"line":29,"column":30},"end":{"line":29,"column":105}},"type":"cond-expr","locations":[{"start":{"line":29,"column":42},"end":{"line":29,"column":61}},{"start":{"line":29,"column":64},"end":{"line":29,"column":105}}],"line":29},"6":{"loc":{"start":{"line":40,"column":10},"end":{"line":40,"column":26}},"type":"default-arg","locations":[{"start":{"line":40,"column":22},"end":{"line":40,"column":26}}],"line":40},"7":{"loc":{"start":{"line":40,"column":28},"end":{"line":40,"column":63}},"type":"default-arg","locations":[{"start":{"line":40,"column":42},"end":{"line":40,"column":63}}],"line":40},"8":{"loc":{"start":{"line":47,"column":30},"end":{"line":47,"column":105}},"type":"cond-expr","locations":[{"start":{"line":47,"column":42},"end":{"line":47,"column":61}},{"start":{"line":47,"column":64},"end":{"line":47,"column":105}}],"line":47},"9":{"loc":{"start":{"line":58,"column":10},"end":{"line":58,"column":26}},"type":"default-arg","locations":[{"start":{"line":58,"column":22},"end":{"line":58,"column":26}}],"line":58},"10":{"loc":{"start":{"line":58,"column":28},"end":{"line":58,"column":58}},"type":"default-arg","locations":[{"start":{"line":58,"column":42},"end":{"line":58,"column":58}}],"line":58},"11":{"loc":{"start":{"line":65,"column":30},"end":{"line":65,"column":105}},"type":"cond-expr","locations":[{"start":{"line":65,"column":42},"end":{"line":65,"column":61}},{"start":{"line":65,"column":64},"end":{"line":65,"column":105}}],"line":65},"12":{"loc":{"start":{"line":76,"column":10},"end":{"line":76,"column":26}},"type":"default-arg","locations":[{"start":{"line":76,"column":22},"end":{"line":76,"column":26}}],"line":76},"13":{"loc":{"start":{"line":76,"column":28},"end":{"line":76,"column":58}},"type":"default-arg","locations":[{"start":{"line":76,"column":42},"end":{"line":76,"column":58}}],"line":76},"14":{"loc":{"start":{"line":83,"column":30},"end":{"line":83,"column":105}},"type":"cond-expr","locations":[{"start":{"line":83,"column":42},"end":{"line":83,"column":61}},{"start":{"line":83,"column":64},"end":{"line":83,"column":105}}],"line":83},"15":{"loc":{"start":{"line":94,"column":10},"end":{"line":94,"column":26}},"type":"default-arg","locations":[{"start":{"line":94,"column":22},"end":{"line":94,"column":26}}],"line":94},"16":{"loc":{"start":{"line":94,"column":28},"end":{"line":94,"column":58}},"type":"default-arg","locations":[{"start":{"line":94,"column":42},"end":{"line":94,"column":58}}],"line":94},"17":{"loc":{"start":{"line":101,"column":30},"end":{"line":101,"column":105}},"type":"cond-expr","locations":[{"start":{"line":101,"column":42},"end":{"line":101,"column":61}},{"start":{"line":101,"column":64},"end":{"line":101,"column":105}}],"line":101},"18":{"loc":{"start":{"line":112,"column":10},"end":{"line":112,"column":26}},"type":"default-arg","locations":[{"start":{"line":112,"column":22},"end":{"line":112,"column":26}}],"line":112},"19":{"loc":{"start":{"line":112,"column":28},"end":{"line":112,"column":56}},"type":"default-arg","locations":[{"start":{"line":112,"column":42},"end":{"line":112,"column":56}}],"line":112},"20":{"loc":{"start":{"line":119,"column":30},"end":{"line":119,"column":105}},"type":"cond-expr","locations":[{"start":{"line":119,"column":42},"end":{"line":119,"column":61}},{"start":{"line":119,"column":64},"end":{"line":119,"column":105}}],"line":119}},"s":{"0":1,"1":10,"2":3,"3":13,"4":13,"5":7,"6":0,"7":12},"f":{"0":10,"1":3,"2":13,"3":13,"4":7,"5":0,"6":12},"b":{"0":[2],"1":[10],"2":[8,2],"3":[0],"4":[3],"5":[3,0],"6":[13],"7":[13],"8":[0,13],"9":[13],"10":[13],"11":[0,13],"12":[7],"13":[7],"14":[0,7],"15":[0],"16":[0],"17":[0,0],"18":[12],"19":[12],"20":[0,12]},"_coverageSchema":"1a1c01bbd47fc00a2c39e90264f33305004495a9","hash":"5f5069914cb9253b27334f15b96ba3f2c4c53cb7"}
,"D:\\ARQUIVOS\\Plataforma_matematica\\plataforma-matematica\\src\\docs\\schemas\\turmaSchema.js": {"path":"D:\\ARQUIVOS\\Plataforma_matematica\\plataforma-matematica\\src\\docs\\schemas\\turmaSchema.js","statementMap":{"0":{"start":{"line":1,"column":20},"end":{"line":98,"column":1}}},"fnMap":{},"branchMap":{},"s":{"0":1},"f":{},"b":{},"_coverageSchema":"1a1c01bbd47fc00a2c39e90264f33305004495a9","hash":"917dc995833633104ad2b4ec803835f873d70300"}
,"D:\\ARQUIVOS\\Plataforma_matematica\\plataforma-matematica\\src\\middlewares\\LogRoutesMiddleware.js": {"path":"D:\\ARQUIVOS\\Plataforma_matematica\\plataforma-matematica\\src\\middlewares\\LogRoutesMiddleware.js","statementMap":{"0":{"start":{"line":1,"column":18},"end":{"line":14,"column":1}},"1":{"start":{"line":2,"column":4},"end":{"line":12,"column":5}},"2":{"start":{"line":3,"column":26},"end":{"line":3,"column":50}},"3":{"start":{"line":5,"column":17},"end":{"line":7,"column":12}},"4":{"start":{"line":9,"column":8},"end":{"line":9,"column":114}},"5":{"start":{"line":11,"column":8},"end":{"line":11,"column":46}},"6":{"start":{"line":13,"column":4},"end":{"line":13,"column":11}}},"fnMap":{"0":{"name":"(anonymous_0)","decl":{"start":{"line":1,"column":18},"end":{"line":1,"column":19}},"loc":{"start":{"line":1,"column":44},"end":{"line":14,"column":1}},"line":1}},"branchMap":{"0":{"loc":{"start":{"line":5,"column":17},"end":{"line":7,"column":12}},"type":"binary-expr","locations":[{"start":{"line":5,"column":17},"end":{"line":5,"column":47}},{"start":{"line":6,"column":8},"end":{"line":6,"column":32}},{"start":{"line":7,"column":8},"end":{"line":7,"column":12}}],"line":5}},"s":{"0":1,"1":8,"2":8,"3":8,"4":8,"5":0,"6":8},"f":{"0":8},"b":{"0":[8,8,0]},"_coverageSchema":"1a1c01bbd47fc00a2c39e90264f33305004495a9","hash":"d8db30af003836c393be9a7379a47196949a04a3"}
,"D:\\ARQUIVOS\\Plataforma_matematica\\plataforma-matematica\\src\\repositories\\loginRepository.js": {"path":"D:\\ARQUIVOS\\Plataforma_matematica\\plataforma-matematica\\src\\repositories\\loginRepository.js","statementMap":{"0":{"start":{"line":5,"column":4},"end":{"line":5,"column":101}},"1":{"start":{"line":7,"column":30},"end":{"line":29,"column":6}},"2":{"start":{"line":31,"column":4},"end":{"line":31,"column":100}},"3":{"start":{"line":32,"column":4},"end":{"line":32,"column":29}}},"fnMap":{"0":{"name":"(anonymous_0)","decl":{"start":{"line":4,"column":2},"end":{"line":4,"column":3}},"loc":{"start":{"line":4,"column":27},"end":{"line":33,"column":3}},"line":4}},"branchMap":{},"s":{"0":0,"1":0,"2":0,"3":0},"f":{"0":0},"b":{},"_coverageSchema":"1a1c01bbd47fc00a2c39e90264f33305004495a9","hash":"f0800019a9a4bc3fbb0c8ce031fdf94e955bb93a"}
,"D:\\ARQUIVOS\\Plataforma_matematica\\plataforma-matematica\\src\\repositories\\questaoRepository.js": {"path":"D:\\ARQUIVOS\\Plataforma_matematica\\plataforma-matematica\\src\\repositories\\questaoRepository.js","statementMap":{"0":{"start":{"line":5,"column":4},"end":{"line":5,"column":50}},"1":{"start":{"line":8,"column":20},"end":{"line":8,"column":43}},"2":{"start":{"line":9,"column":20},"end":{"line":12,"column":6}},"3":{"start":{"line":13,"column":4},"end":{"line":13,"column":19}},"4":{"start":{"line":17,"column":18},"end":{"line":24,"column":5}},"5":{"start":{"line":25,"column":4},"end":{"line":25,"column":60}},"6":{"start":{"line":25,"column":16},"end":{"line":25,"column":60}},"7":{"start":{"line":26,"column":4},"end":{"line":26,"column":51}},"8":{"start":{"line":26,"column":13},"end":{"line":26,"column":51}},"9":{"start":{"line":27,"column":4},"end":{"line":27,"column":71}},"10":{"start":{"line":27,"column":20},"end":{"line":27,"column":71}},"11":{"start":{"line":29,"column":3},"end":{"line":29,"column":18}},"12":{"start":{"line":33,"column":6},"end":{"line":36,"column":9}},"13":{"start":{"line":39,"column":6},"end":{"line":39,"column":48}}},"fnMap":{"0":{"name":"(anonymous_0)","decl":{"start":{"line":4,"column":2},"end":{"line":4,"column":3}},"loc":{"start":{"line":4,"column":25},"end":{"line":6,"column":3}},"line":4},"1":{"name":"(anonymous_1)","decl":{"start":{"line":7,"column":2},"end":{"line":7,"column":3}},"loc":{"start":{"line":7,"column":21},"end":{"line":14,"column":3}},"line":7},"2":{"name":"(anonymous_2)","decl":{"start":{"line":16,"column":2},"end":{"line":16,"column":3}},"loc":{"start":{"line":16,"column":42},"end":{"line":30,"column":3}},"line":16},"3":{"name":"(anonymous_3)","decl":{"start":{"line":32,"column":4},"end":{"line":32,"column":5}},"loc":{"start":{"line":32,"column":55},"end":{"line":37,"column":5}},"line":32},"4":{"name":"(anonymous_4)","decl":{"start":{"line":38,"column":4},"end":{"line":38,"column":5}},"loc":{"start":{"line":38,"column":23},"end":{"line":40,"column":5}},"line":38}},"branchMap":{"0":{"loc":{"start":{"line":25,"column":4},"end":{"line":25,"column":60}},"type":"if","locations":[{"start":{"line":25,"column":4},"end":{"line":25,"column":60}},{"start":{},"end":{}}],"line":25},"1":{"loc":{"start":{"line":26,"column":4},"end":{"line":26,"column":51}},"type":"if","locations":[{"start":{"line":26,"column":4},"end":{"line":26,"column":51}},{"start":{},"end":{}}],"line":26},"2":{"loc":{"start":{"line":27,"column":4},"end":{"line":27,"column":71}},"type":"if","locations":[{"start":{"line":27,"column":4},"end":{"line":27,"column":71}},{"start":{},"end":{}}],"line":27}},"s":{"0":0,"1":0,"2":0,"3":0,"4":0,"5":0,"6":0,"7":0,"8":0,"9":0,"10":0,"11":0,"12":0,"13":0},"f":{"0":0,"1":0,"2":0,"3":0,"4":0},"b":{"0":[0,0],"1":[0,0],"2":[0,0]},"_coverageSchema":"1a1c01bbd47fc00a2c39e90264f33305004495a9","hash":"1065deab3fe2dc47b910475353ae20f030c9db58"}
,"D:\\ARQUIVOS\\Plataforma_matematica\\plataforma-matematica\\src\\repositories\\turmaRepository.js": {"path":"D:\\ARQUIVOS\\Plataforma_matematica\\plataforma-matematica\\src\\repositories\\turmaRepository.js","statementMap":{"0":{"start":{"line":5,"column":18},"end":{"line":19,"column":5}},"1":{"start":{"line":21,"column":4},"end":{"line":21,"column":60}},"2":{"start":{"line":21,"column":16},"end":{"line":21,"column":60}},"3":{"start":{"line":23,"column":4},"end":{"line":23,"column":19}},"4":{"start":{"line":28,"column":21},"end":{"line":33,"column":6}},"5":{"start":{"line":35,"column":4},"end":{"line":35,"column":20}},"6":{"start":{"line":39,"column":20},"end":{"line":39,"column":43}},"7":{"start":{"line":40,"column":19},"end":{"line":43,"column":6}},"8":{"start":{"line":44,"column":4},"end":{"line":44,"column":93}},"9":{"start":{"line":45,"column":4},"end":{"line":45,"column":18}},"10":{"start":{"line":49,"column":4},"end":{"line":49,"column":45}},"11":{"start":{"line":53,"column":4},"end":{"line":53,"column":57}},"12":{"start":{"line":57,"column":4},"end":{"line":57,"column":61}},"13":{"start":{"line":61,"column":4},"end":{"line":61,"column":63}},"14":{"start":{"line":65,"column":4},"end":{"line":72,"column":7}},"15":{"start":{"line":76,"column":4},"end":{"line":83,"column":7}},"16":{"start":{"line":86,"column":4},"end":{"line":94,"column":7}},"17":{"start":{"line":98,"column":26},"end":{"line":103,"column":4}},"18":{"start":{"line":104,"column":2},"end":{"line":104,"column":25}},"19":{"start":{"line":108,"column":2},"end":{"line":108,"column":54}}},"fnMap":{"0":{"name":"(anonymous_0)","decl":{"start":{"line":4,"column":2},"end":{"line":4,"column":3}},"loc":{"start":{"line":4,"column":27},"end":{"line":24,"column":3}},"line":4},"1":{"name":"(anonymous_1)","decl":{"start":{"line":26,"column":2},"end":{"line":26,"column":3}},"loc":{"start":{"line":26,"column":25},"end":{"line":36,"column":3}},"line":26},"2":{"name":"(anonymous_2)","decl":{"start":{"line":38,"column":2},"end":{"line":38,"column":3}},"loc":{"start":{"line":38,"column":21},"end":{"line":46,"column":3}},"line":38},"3":{"name":"(anonymous_3)","decl":{"start":{"line":48,"column":2},"end":{"line":48,"column":3}},"loc":{"start":{"line":48,"column":21},"end":{"line":50,"column":3}},"line":48},"4":{"name":"(anonymous_4)","decl":{"start":{"line":52,"column":2},"end":{"line":52,"column":3}},"loc":{"start":{"line":52,"column":30},"end":{"line":54,"column":3}},"line":52},"5":{"name":"(anonymous_5)","decl":{"start":{"line":56,"column":3},"end":{"line":56,"column":4}},"loc":{"start":{"line":56,"column":28},"end":{"line":58,"column":3}},"line":56},"6":{"name":"(anonymous_6)","decl":{"start":{"line":60,"column":2},"end":{"line":60,"column":3}},"loc":{"start":{"line":60,"column":29},"end":{"line":62,"column":3}},"line":60},"7":{"name":"(anonymous_7)","decl":{"start":{"line":64,"column":2},"end":{"line":64,"column":3}},"loc":{"start":{"line":64,"column":27},"end":{"line":73,"column":3}},"line":64},"8":{"name":"(anonymous_8)","decl":{"start":{"line":75,"column":2},"end":{"line":75,"column":3}},"loc":{"start":{"line":75,"column":41},"end":{"line":84,"column":3}},"line":75},"9":{"name":"(anonymous_9)","decl":{"start":{"line":85,"column":2},"end":{"line":85,"column":3}},"loc":{"start":{"line":85,"column":24},"end":{"line":95,"column":3}},"line":85},"10":{"name":"(anonymous_10)","decl":{"start":{"line":97,"column":2},"end":{"line":97,"column":3}},"loc":{"start":{"line":97,"column":36},"end":{"line":105,"column":3}},"line":97},"11":{"name":"(anonymous_11)","decl":{"start":{"line":107,"column":2},"end":{"line":107,"column":3}},"loc":{"start":{"line":107,"column":19},"end":{"line":109,"column":1}},"line":107}},"branchMap":{"0":{"loc":{"start":{"line":21,"column":4},"end":{"line":21,"column":60}},"type":"if","locations":[{"start":{"line":21,"column":4},"end":{"line":21,"column":60}},{"start":{},"end":{}}],"line":21}},"s":{"0":4,"1":4,"2":0,"3":4,"4":2,"5":2,"6":2,"7":2,"8":2,"9":2,"10":0,"11":0,"12":0,"13":0,"14":0,"15":0,"16":0,"17":0,"18":0,"19":0},"f":{"0":4,"1":2,"2":2,"3":0,"4":0,"5":0,"6":0,"7":0,"8":0,"9":0,"10":0,"11":0},"b":{"0":[0,4]},"_coverageSchema":"1a1c01bbd47fc00a2c39e90264f33305004495a9","hash":"6d373a30d986114dd0e573423aa25ebf4409fce7"}
,"D:\\ARQUIVOS\\Plataforma_matematica\\plataforma-matematica\\src\\routes\\QuestaoRoute.js": {"path":"D:\\ARQUIVOS\\Plataforma_matematica\\plataforma-matematica\\src\\routes\\QuestaoRoute.js","statementMap":{"0":{"start":{"line":4,"column":15},"end":{"line":4,"column":31}},"1":{"start":{"line":6,"column":4},"end":{"line":6,"column":52}},"2":{"start":{"line":7,"column":4},"end":{"line":7,"column":60}},"3":{"start":{"line":8,"column":4},"end":{"line":8,"column":61}},"4":{"start":{"line":9,"column":4},"end":{"line":9,"column":61}}},"fnMap":{},"branchMap":{},"s":{"0":1,"1":1,"2":1,"3":1,"4":1},"f":{},"b":{},"_coverageSchema":"1a1c01bbd47fc00a2c39e90264f33305004495a9","hash":"7158f5de7fc57f5a922ab47041b0c43c74697a48"}
,"D:\\ARQUIVOS\\Plataforma_matematica\\plataforma-matematica\\src\\routes\\TurmaRoutes.js": {"path":"D:\\ARQUIVOS\\Plataforma_matematica\\plataforma-matematica\\src\\routes\\TurmaRoutes.js","statementMap":{"0":{"start":{"line":4,"column":15},"end":{"line":4,"column":31}},"1":{"start":{"line":5,"column":2},"end":{"line":5,"column":46}},"2":{"start":{"line":6,"column":2},"end":{"line":6,"column":54}},"3":{"start":{"line":7,"column":2},"end":{"line":7,"column":52}},"4":{"start":{"line":8,"column":2},"end":{"line":8,"column":59}},"5":{"start":{"line":9,"column":2},"end":{"line":9,"column":65}},"6":{"start":{"line":10,"column":2},"end":{"line":10,"column":64}},"7":{"start":{"line":11,"column":2},"end":{"line":11,"column":59}}},"fnMap":{},"branchMap":{},"s":{"0":1,"1":1,"2":1,"3":1,"4":1,"5":1,"6":1,"7":1},"f":{},"b":{},"_coverageSchema":"1a1c01bbd47fc00a2c39e90264f33305004495a9","hash":"e25307d08c379e6457070f046b6afc745e4bdb89"}
,"D:\\ARQUIVOS\\Plataforma_matematica\\plataforma-matematica\\src\\routes\\UsuarioRoutes.js": {"path":"D:\\ARQUIVOS\\Plataforma_matematica\\plataforma-matematica\\src\\routes\\UsuarioRoutes.js","statementMap":{"0":{"start":{"line":4,"column":15},"end":{"line":4,"column":31}},"1":{"start":{"line":6,"column":0},"end":{"line":11,"column":58}}},"fnMap":{},"branchMap":{},"s":{"0":1,"1":1},"f":{},"b":{},"_coverageSchema":"1a1c01bbd47fc00a2c39e90264f33305004495a9","hash":"27f5510ae23f600c74ffdff3baf70727bef84940"}
,"D:\\ARQUIVOS\\Plataforma_matematica\\plataforma-matematica\\src\\routes\\index.js": {"path":"D:\\ARQUIVOS\\Plataforma_matematica\\plataforma-matematica\\src\\routes\\index.js","statementMap":{"0":{"start":{"line":12,"column":15},"end":{"line":38,"column":1}},"1":{"start":{"line":14,"column":4},"end":{"line":16,"column":5}},"2":{"start":{"line":15,"column":8},"end":{"line":15,"column":27}},"3":{"start":{"line":19,"column":24},"end":{"line":19,"column":57}},"4":{"start":{"line":20,"column":4},"end":{"line":20,"column":29}},"5":{"start":{"line":21,"column":4},"end":{"line":23,"column":7}},"6":{"start":{"line":22,"column":8},"end":{"line":22,"column":53}},"7":{"start":{"line":25,"column":4},"end":{"line":32,"column":6}},"8":{"start":{"line":35,"column":4},"end":{"line":37,"column":7}},"9":{"start":{"line":36,"column":8},"end":{"line":36,"column":65}}},"fnMap":{"0":{"name":"(anonymous_0)","decl":{"start":{"line":12,"column":15},"end":{"line":12,"column":16}},"loc":{"start":{"line":12,"column":24},"end":{"line":38,"column":1}},"line":12},"1":{"name":"(anonymous_1)","decl":{"start":{"line":21,"column":17},"end":{"line":21,"column":18}},"loc":{"start":{"line":21,"column":37},"end":{"line":23,"column":5}},"line":21},"2":{"name":"(anonymous_2)","decl":{"start":{"line":35,"column":12},"end":{"line":35,"column":13}},"loc":{"start":{"line":35,"column":32},"end":{"line":37,"column":5}},"line":35}},"branchMap":{"0":{"loc":{"start":{"line":14,"column":4},"end":{"line":16,"column":5}},"type":"if","locations":[{"start":{"line":14,"column":4},"end":{"line":16,"column":5}},{"start":{},"end":{}}],"line":14}},"s":{"0":1,"1":1,"2":1,"3":1,"4":1,"5":1,"6":0,"7":1,"8":1,"9":2},"f":{"0":1,"1":0,"2":2},"b":{"0":[1,0]},"_coverageSchema":"1a1c01bbd47fc00a2c39e90264f33305004495a9","hash":"2e08f99d789233b66e7bc6cc56d28935d838b30d"}
,"D:\\ARQUIVOS\\Plataforma_matematica\\plataforma-matematica\\src\\routes\\loginRoute.js": {"path":"D:\\ARQUIVOS\\Plataforma_matematica\\plataforma-matematica\\src\\routes\\loginRoute.js","statementMap":{"0":{"start":{"line":4,"column":15},"end":{"line":4,"column":31}},"1":{"start":{"line":7,"column":0},"end":{"line":8,"column":40}}},"fnMap":{},"branchMap":{},"s":{"0":1,"1":1},"f":{},"b":{},"_coverageSchema":"1a1c01bbd47fc00a2c39e90264f33305004495a9","hash":"a2c056a15b1ab9b46649101d30fdbf1592957ffb"}
,"D:\\ARQUIVOS\\Plataforma_matematica\\plataforma-matematica\\src\\schemas\\questaoSchemas.js": {"path":"D:\\ARQUIVOS\\Plataforma_matematica\\plataforma-matematica\\src\\schemas\\questaoSchemas.js","statementMap":{"0":{"start":{"line":5,"column":4},"end":{"line":11,"column":6}}},"fnMap":{},"branchMap":{},"s":{"0":1},"f":{},"b":{},"_coverageSchema":"1a1c01bbd47fc00a2c39e90264f33305004495a9","hash":"760ae18cff3184efe8bdd97801fcaedec1aab7e6"}
,"D:\\ARQUIVOS\\Plataforma_matematica\\plataforma-matematica\\src\\schemas\\turmaSchemas.js": {"path":"D:\\ARQUIVOS\\Plataforma_matematica\\plataforma-matematica\\src\\schemas\\turmaSchemas.js","statementMap":{"0":{"start":{"line":3,"column":27},"end":{"line":7,"column":2}},"1":{"start":{"line":10,"column":33},"end":{"line":10,"column":54}}},"fnMap":{},"branchMap":{},"s":{"0":2,"1":2},"f":{},"b":{},"_coverageSchema":"1a1c01bbd47fc00a2c39e90264f33305004495a9","hash":"7a6c4a03d9b3878f365c99ce2582f73c1682d57b"}
,"D:\\ARQUIVOS\\Plataforma_matematica\\plataforma-matematica\\src\\schemas\\user_turma_Schema.js": {"path":"D:\\ARQUIVOS\\Plataforma_matematica\\plataforma-matematica\\src\\schemas\\user_turma_Schema.js","statementMap":{"0":{"start":{"line":3,"column":33},"end":{"line":6,"column":2}},"1":{"start":{"line":9,"column":34},"end":{"line":9,"column":61}}},"fnMap":{},"branchMap":{},"s":{"0":2,"1":2},"f":{},"b":{},"_coverageSchema":"1a1c01bbd47fc00a2c39e90264f33305004495a9","hash":"df35c36f11346eabb7392c2a9abe84387a6bbf40"}
,"D:\\ARQUIVOS\\Plataforma_matematica\\plataforma-matematica\\src\\services\\loginService.js": {"path":"D:\\ARQUIVOS\\Plataforma_matematica\\plataforma-matematica\\src\\services\\loginService.js","statementMap":{"0":{"start":{"line":5,"column":0},"end":{"line":5,"column":16}},"1":{"start":{"line":11,"column":22},"end":{"line":23,"column":3}},"2":{"start":{"line":12,"column":4},"end":{"line":22,"column":5}},"3":{"start":{"line":13,"column":30},"end":{"line":13,"column":60}},"4":{"start":{"line":15,"column":22},"end":{"line":15,"column":64}},"5":{"start":{"line":17,"column":6},"end":{"line":17,"column":67}},"6":{"start":{"line":18,"column":31},"end":{"line":18,"column":38}},"7":{"start":{"line":19,"column":20},"end":{"line":19,"column":51}}},"fnMap":{"0":{"name":"(anonymous_0)","decl":{"start":{"line":8,"column":2},"end":{"line":8,"column":3}},"loc":{"start":{"line":8,"column":33},"end":{"line":9,"column":3}},"line":8},"1":{"name":"(anonymous_1)","decl":{"start":{"line":11,"column":22},"end":{"line":11,"column":23}},"loc":{"start":{"line":11,"column":38},"end":{"line":23,"column":3}},"line":11}},"branchMap":{},"s":{"0":1,"1":1,"2":0,"3":0,"4":0,"5":0,"6":0,"7":0},"f":{"0":0,"1":0},"b":{},"_coverageSchema":"1a1c01bbd47fc00a2c39e90264f33305004495a9","hash":"887b627c1d6a72ca28f2a0973e2557ced24985f6"}
,"D:\\ARQUIVOS\\Plataforma_matematica\\plataforma-matematica\\src\\services\\questaoService.js": {"path":"D:\\ARQUIVOS\\Plataforma_matematica\\plataforma-matematica\\src\\services\\questaoService.js","statementMap":{"0":{"start":{"line":8,"column":8},"end":{"line":8,"column":66}},"1":{"start":{"line":12,"column":8},"end":{"line":14,"column":9}},"2":{"start":{"line":13,"column":10},"end":{"line":13,"column":60}},"3":{"start":{"line":15,"column":8},"end":{"line":15,"column":46}},"4":{"start":{"line":20,"column":6},"end":{"line":20,"column":82}},"5":{"start":{"line":24,"column":52},"end":{"line":24,"column":97}},"6":{"start":{"line":26,"column":5},"end":{"line":26,"column":43}},"7":{"start":{"line":28,"column":16},"end":{"line":28,"column":83}},"8":{"start":{"line":30,"column":21},"end":{"line":30,"column":57}},"9":{"start":{"line":31,"column":5},"end":{"line":36,"column":6}},"10":{"start":{"line":32,"column":8},"end":{"line":35,"column":9}},"11":{"start":{"line":37,"column":5},"end":{"line":37,"column":25}}},"fnMap":{"0":{"name":"(anonymous_0)","decl":{"start":{"line":4,"column":4},"end":{"line":4,"column":5}},"loc":{"start":{"line":4,"column":25},"end":{"line":9,"column":5}},"line":4},"1":{"name":"(anonymous_1)","decl":{"start":{"line":10,"column":4},"end":{"line":10,"column":5}},"loc":{"start":{"line":10,"column":26},"end":{"line":16,"column":7}},"line":10},"2":{"name":"(anonymous_2)","decl":{"start":{"line":18,"column":4},"end":{"line":18,"column":5}},"loc":{"start":{"line":18,"column":65},"end":{"line":21,"column":5}},"line":18},"3":{"name":"(anonymous_3)","decl":{"start":{"line":23,"column":4},"end":{"line":23,"column":5}},"loc":{"start":{"line":23,"column":24},"end":{"line":38,"column":3}},"line":23}},"branchMap":{"0":{"loc":{"start":{"line":12,"column":8},"end":{"line":14,"column":9}},"type":"if","locations":[{"start":{"line":12,"column":8},"end":{"line":14,"column":9}},{"start":{},"end":{}}],"line":12},"1":{"loc":{"start":{"line":31,"column":5},"end":{"line":36,"column":6}},"type":"if","locations":[{"start":{"line":31,"column":5},"end":{"line":36,"column":6}},{"start":{},"end":{}}],"line":31}},"s":{"0":0,"1":0,"2":0,"3":0,"4":0,"5":0,"6":0,"7":0,"8":0,"9":0,"10":0,"11":0},"f":{"0":0,"1":0,"2":0,"3":0},"b":{"0":[0,0],"1":[0,0]},"_coverageSchema":"1a1c01bbd47fc00a2c39e90264f33305004495a9","hash":"1cd8c24125feb904cc1a415658cbcb3c9c90f2fd"}
,"D:\\ARQUIVOS\\Plataforma_matematica\\plataforma-matematica\\src\\services\\turmaService.js": {"path":"D:\\ARQUIVOS\\Plataforma_matematica\\plataforma-matematica\\src\\services\\turmaService.js","statementMap":{"0":{"start":{"line":10,"column":22},"end":{"line":10,"column":60}},"1":{"start":{"line":12,"column":22},"end":{"line":12,"column":62}},"2":{"start":{"line":14,"column":6},"end":{"line":16,"column":5}},"3":{"start":{"line":15,"column":8},"end":{"line":15,"column":51}},"4":{"start":{"line":17,"column":4},"end":{"line":17,"column":24}},"5":{"start":{"line":18,"column":6},"end":{"line":18,"column":19}},"6":{"start":{"line":22,"column":4},"end":{"line":24,"column":5}},"7":{"start":{"line":23,"column":6},"end":{"line":23,"column":55}},"8":{"start":{"line":25,"column":4},"end":{"line":25,"column":40}},"9":{"start":{"line":29,"column":4},"end":{"line":29,"column":66}},"10":{"start":{"line":31,"column":28},"end":{"line":31,"column":51}},"11":{"start":{"line":33,"column":6},"end":{"line":33,"column":84}},"12":{"start":{"line":35,"column":21},"end":{"line":35,"column":23}},"13":{"start":{"line":36,"column":27},"end":{"line":36,"column":83}},"14":{"start":{"line":37,"column":6},"end":{"line":37,"column":87}},"15":{"start":{"line":39,"column":6},"end":{"line":41,"column":7}},"16":{"start":{"line":40,"column":8},"end":{"line":40,"column":60}},"17":{"start":{"line":43,"column":6},"end":{"line":45,"column":7}},"18":{"start":{"line":44,"column":8},"end":{"line":44,"column":43}},"19":{"start":{"line":47,"column":6},"end":{"line":47,"column":57}},"20":{"start":{"line":52,"column":26},"end":{"line":52,"column":55}},"21":{"start":{"line":53,"column":25},"end":{"line":53,"column":59}},"22":{"start":{"line":55,"column":4},"end":{"line":57,"column":5}},"23":{"start":{"line":56,"column":6},"end":{"line":56,"column":77}},"24":{"start":{"line":60,"column":4},"end":{"line":70,"column":5}},"25":{"start":{"line":61,"column":38},"end":{"line":61,"column":106}},"26":{"start":{"line":63,"column":6},"end":{"line":65,"column":7}},"27":{"start":{"line":64,"column":8},"end":{"line":64,"column":48}},"28":{"start":{"line":65,"column":7},"end":{"line":69,"column":7}},"29":{"start":{"line":66,"column":27},"end":{"line":66,"column":77}},"30":{"start":{"line":68,"column":7},"end":{"line":68,"column":26}},"31":{"start":{"line":76,"column":26},"end":{"line":76,"column":60}},"32":{"start":{"line":78,"column":4},"end":{"line":78,"column":31}},"33":{"start":{"line":81,"column":29},"end":{"line":81,"column":75}},"34":{"start":{"line":83,"column":4},"end":{"line":83,"column":34}},"35":{"start":{"line":85,"column":4},"end":{"line":87,"column":5}},"36":{"start":{"line":86,"column":6},"end":{"line":86,"column":44}},"37":{"start":{"line":89,"column":27},"end":{"line":89,"column":79}},"38":{"start":{"line":91,"column":4},"end":{"line":91,"column":25}},"39":{"start":{"line":95,"column":24},"end":{"line":95,"column":58}},"40":{"start":{"line":97,"column":2},"end":{"line":97,"column":29}},"41":{"start":{"line":99,"column":27},"end":{"line":99,"column":73}},"42":{"start":{"line":101,"column":2},"end":{"line":101,"column":32}},"43":{"start":{"line":104,"column":2},"end":{"line":106,"column":3}},"44":{"start":{"line":105,"column":4},"end":{"line":105,"column":50}},"45":{"start":{"line":107,"column":23},"end":{"line":107,"column":81}},"46":{"start":{"line":109,"column":2},"end":{"line":109,"column":22}},"47":{"start":{"line":113,"column":24},"end":{"line":113,"column":58}},"48":{"start":{"line":114,"column":4},"end":{"line":116,"column":5}},"49":{"start":{"line":115,"column":6},"end":{"line":115,"column":46}},"50":{"start":{"line":117,"column":4},"end":{"line":117,"column":44}}},"fnMap":{"0":{"name":"(anonymous_0)","decl":{"start":{"line":8,"column":2},"end":{"line":8,"column":3}},"loc":{"start":{"line":8,"column":21},"end":{"line":19,"column":3}},"line":8},"1":{"name":"(anonymous_1)","decl":{"start":{"line":21,"column":2},"end":{"line":21,"column":3}},"loc":{"start":{"line":21,"column":24},"end":{"line":26,"column":3}},"line":21},"2":{"name":"(anonymous_2)","decl":{"start":{"line":28,"column":2},"end":{"line":28,"column":3}},"loc":{"start":{"line":28,"column":20},"end":{"line":49,"column":1}},"line":28},"3":{"name":"(anonymous_3)","decl":{"start":{"line":50,"column":2},"end":{"line":50,"column":3}},"loc":{"start":{"line":50,"column":33},"end":{"line":71,"column":3}},"line":50},"4":{"name":"(anonymous_4)","decl":{"start":{"line":73,"column":2},"end":{"line":73,"column":3}},"loc":{"start":{"line":73,"column":28},"end":{"line":92,"column":3}},"line":73},"5":{"name":"(anonymous_5)","decl":{"start":{"line":94,"column":2},"end":{"line":94,"column":3}},"loc":{"start":{"line":94,"column":28},"end":{"line":110,"column":3}},"line":94},"6":{"name":"(anonymous_6)","decl":{"start":{"line":112,"column":2},"end":{"line":112,"column":3}},"loc":{"start":{"line":112,"column":25},"end":{"line":118,"column":3}},"line":112}},"branchMap":{"0":{"loc":{"start":{"line":14,"column":6},"end":{"line":16,"column":5}},"type":"if","locations":[{"start":{"line":14,"column":6},"end":{"line":16,"column":5}},{"start":{},"end":{}}],"line":14},"1":{"loc":{"start":{"line":22,"column":4},"end":{"line":24,"column":5}},"type":"if","locations":[{"start":{"line":22,"column":4},"end":{"line":24,"column":5}},{"start":{},"end":{}}],"line":22},"2":{"loc":{"start":{"line":39,"column":6},"end":{"line":41,"column":7}},"type":"if","locations":[{"start":{"line":39,"column":6},"end":{"line":41,"column":7}},{"start":{},"end":{}}],"line":39},"3":{"loc":{"start":{"line":43,"column":6},"end":{"line":45,"column":7}},"type":"if","locations":[{"start":{"line":43,"column":6},"end":{"line":45,"column":7}},{"start":{},"end":{}}],"line":43},"4":{"loc":{"start":{"line":55,"column":4},"end":{"line":57,"column":5}},"type":"if","locations":[{"start":{"line":55,"column":4},"end":{"line":57,"column":5}},{"start":{},"end":{}}],"line":55},"5":{"loc":{"start":{"line":60,"column":4},"end":{"line":70,"column":5}},"type":"if","locations":[{"start":{"line":60,"column":4},"end":{"line":70,"column":5}},{"start":{},"end":{}}],"line":60},"6":{"loc":{"start":{"line":60,"column":8},"end":{"line":60,"column":76}},"type":"binary-expr","locations":[{"start":{"line":60,"column":8},"end":{"line":60,"column":28}},{"start":{"line":60,"column":32},"end":{"line":60,"column":76}}],"line":60},"7":{"loc":{"start":{"line":63,"column":6},"end":{"line":65,"column":7}},"type":"if","locations":[{"start":{"line":63,"column":6},"end":{"line":65,"column":7}},{"start":{},"end":{}}],"line":63},"8":{"loc":{"start":{"line":65,"column":7},"end":{"line":69,"column":7}},"type":"if","locations":[{"start":{"line":65,"column":7},"end":{"line":69,"column":7}},{"start":{},"end":{}}],"line":65},"9":{"loc":{"start":{"line":85,"column":4},"end":{"line":87,"column":5}},"type":"if","locations":[{"start":{"line":85,"column":4},"end":{"line":87,"column":5}},{"start":{},"end":{}}],"line":85},"10":{"loc":{"start":{"line":104,"column":2},"end":{"line":106,"column":3}},"type":"if","locations":[{"start":{"line":104,"column":2},"end":{"line":106,"column":3}},{"start":{},"end":{}}],"line":104},"11":{"loc":{"start":{"line":114,"column":4},"end":{"line":116,"column":5}},"type":"if","locations":[{"start":{"line":114,"column":4},"end":{"line":116,"column":5}},{"start":{},"end":{}}],"line":114}},"s":{"0":4,"1":4,"2":4,"3":1,"4":3,"5":3,"6":5,"7":2,"8":3,"9":3,"10":3,"11":2,"12":2,"13":2,"14":2,"15":2,"16":1,"17":2,"18":1,"19":1,"20":3,"21":3,"22":3,"23":1,"24":2,"25":2,"26":2,"27":1,"28":1,"29":1,"30":1,"31":3,"32":2,"33":2,"34":2,"35":2,"36":1,"37":1,"38":1,"39":2,"40":2,"41":2,"42":2,"43":2,"44":1,"45":1,"46":1,"47":0,"48":0,"49":0,"50":0},"f":{"0":4,"1":5,"2":3,"3":3,"4":3,"5":2,"6":0},"b":{"0":[1,3],"1":[2,3],"2":[1,1],"3":[1,1],"4":[1,2],"5":[2,0],"6":[2,2],"7":[1,1],"8":[1,0],"9":[1,1],"10":[1,1],"11":[0,0]},"_coverageSchema":"1a1c01bbd47fc00a2c39e90264f33305004495a9","hash":"cf75223c5ac11d455f0adcfca6059bc8151cb587"}
,"D:\\ARQUIVOS\\Plataforma_matematica\\plataforma-matematica\\src\\utils\\commonResponse.js": {"path":"D:\\ARQUIVOS\\Plataforma_matematica\\plataforma-matematica\\src\\utils\\commonResponse.js","statementMap":{"0":{"start":{"line":5,"column":8},"end":{"line":5,"column":27}},"1":{"start":{"line":6,"column":8},"end":{"line":6,"column":25}},"2":{"start":{"line":7,"column":8},"end":{"line":7,"column":31}},"3":{"start":{"line":8,"column":8},"end":{"line":8,"column":25}},"4":{"start":{"line":12,"column":8},"end":{"line":12,"column":61}},"5":{"start":{"line":16,"column":8},"end":{"line":16,"column":61}},"6":{"start":{"line":20,"column":8},"end":{"line":20,"column":61}},"7":{"start":{"line":24,"column":8},"end":{"line":24,"column":55}},"8":{"start":{"line":28,"column":8},"end":{"line":28,"column":55}},"9":{"start":{"line":32,"column":8},"end":{"line":32,"column":61}},"10":{"start":{"line":36,"column":8},"end":{"line":36,"column":61}},"11":{"start":{"line":40,"column":8},"end":{"line":40,"column":61}},"12":{"start":{"line":44,"column":8},"end":{"line":44,"column":61}},"13":{"start":{"line":48,"column":8},"end":{"line":48,"column":55}},"14":{"start":{"line":52,"column":8},"end":{"line":52,"column":55}},"15":{"start":{"line":56,"column":8},"end":{"line":56,"column":55}},"16":{"start":{"line":60,"column":8},"end":{"line":60,"column":55}},"17":{"start":{"line":64,"column":8},"end":{"line":64,"column":55}},"18":{"start":{"line":68,"column":8},"end":{"line":68,"column":55}},"19":{"start":{"line":72,"column":8},"end":{"line":72,"column":55}},"20":{"start":{"line":76,"column":8},"end":{"line":76,"column":54}},"21":{"start":{"line":80,"column":8},"end":{"line":80,"column":54}},"22":{"start":{"line":84,"column":8},"end":{"line":84,"column":54}},"23":{"start":{"line":88,"column":8},"end":{"line":88,"column":54}},"24":{"start":{"line":92,"column":8},"end":{"line":92,"column":54}},"25":{"start":{"line":96,"column":8},"end":{"line":96,"column":54}},"26":{"start":{"line":100,"column":8},"end":{"line":100,"column":54}},"27":{"start":{"line":104,"column":8},"end":{"line":104,"column":54}},"28":{"start":{"line":108,"column":8},"end":{"line":108,"column":54}},"29":{"start":{"line":112,"column":8},"end":{"line":112,"column":54}},"30":{"start":{"line":116,"column":8},"end":{"line":116,"column":54}},"31":{"start":{"line":120,"column":8},"end":{"line":120,"column":54}},"32":{"start":{"line":124,"column":8},"end":{"line":124,"column":54}},"33":{"start":{"line":128,"column":8},"end":{"line":128,"column":54}},"34":{"start":{"line":132,"column":8},"end":{"line":132,"column":54}},"35":{"start":{"line":136,"column":8},"end":{"line":136,"column":54}},"36":{"start":{"line":140,"column":8},"end":{"line":140,"column":54}},"37":{"start":{"line":144,"column":8},"end":{"line":144,"column":54}},"38":{"start":{"line":148,"column":8},"end":{"line":148,"column":54}}},"fnMap":{"0":{"name":"(anonymous_0)","decl":{"start":{"line":4,"column":4},"end":{"line":4,"column":5}},"loc":{"start":{"line":4,"column":49},"end":{"line":9,"column":5}},"line":4},"1":{"name":"(anonymous_1)","decl":{"start":{"line":11,"column":4},"end":{"line":11,"column":5}},"loc":{"start":{"line":11,"column":60},"end":{"line":13,"column":5}},"line":11},"2":{"name":"(anonymous_2)","decl":{"start":{"line":15,"column":4},"end":{"line":15,"column":5}},"loc":{"start":{"line":15,"column":60},"end":{"line":17,"column":5}},"line":15},"3":{"name":"(anonymous_3)","decl":{"start":{"line":19,"column":4},"end":{"line":19,"column":5}},"loc":{"start":{"line":19,"column":61},"end":{"line":21,"column":5}},"line":19},"4":{"name":"(anonymous_4)","decl":{"start":{"line":23,"column":4},"end":{"line":23,"column":5}},"loc":{"start":{"line":23,"column":56},"end":{"line":25,"column":5}},"line":23},"5":{"name":"(anonymous_5)","decl":{"start":{"line":27,"column":4},"end":{"line":27,"column":5}},"loc":{"start":{"line":27,"column":59},"end":{"line":29,"column":5}},"line":27},"6":{"name":"(anonymous_6)","decl":{"start":{"line":31,"column":4},"end":{"line":31,"column":5}},"loc":{"start":{"line":31,"column":67},"end":{"line":33,"column":5}},"line":31},"7":{"name":"(anonymous_7)","decl":{"start":{"line":35,"column":4},"end":{"line":35,"column":5}},"loc":{"start":{"line":35,"column":64},"end":{"line":37,"column":5}},"line":35},"8":{"name":"(anonymous_8)","decl":{"start":{"line":39,"column":4},"end":{"line":39,"column":5}},"loc":{"start":{"line":39,"column":68},"end":{"line":41,"column":5}},"line":39},"9":{"name":"(anonymous_9)","decl":{"start":{"line":43,"column":4},"end":{"line":43,"column":5}},"loc":{"start":{"line":43,"column":68},"end":{"line":45,"column":5}},"line":43},"10":{"name":"(anonymous_10)","decl":{"start":{"line":47,"column":4},"end":{"line":47,"column":5}},"loc":{"start":{"line":47,"column":63},"end":{"line":49,"column":5}},"line":47},"11":{"name":"(anonymous_11)","decl":{"start":{"line":51,"column":4},"end":{"line":51,"column":5}},"loc":{"start":{"line":51,"column":52},"end":{"line":53,"column":5}},"line":51},"12":{"name":"(anonymous_12)","decl":{"start":{"line":55,"column":4},"end":{"line":55,"column":5}},"loc":{"start":{"line":55,"column":55},"end":{"line":57,"column":5}},"line":55},"13":{"name":"(anonymous_13)","decl":{"start":{"line":59,"column":4},"end":{"line":59,"column":5}},"loc":{"start":{"line":59,"column":58},"end":{"line":61,"column":5}},"line":59},"14":{"name":"(anonymous_14)","decl":{"start":{"line":63,"column":4},"end":{"line":63,"column":5}},"loc":{"start":{"line":63,"column":55},"end":{"line":65,"column":5}},"line":63},"15":{"name":"(anonymous_15)","decl":{"start":{"line":67,"column":4},"end":{"line":67,"column":5}},"loc":{"start":{"line":67,"column":64},"end":{"line":69,"column":5}},"line":67},"16":{"name":"(anonymous_16)","decl":{"start":{"line":71,"column":4},"end":{"line":71,"column":5}},"loc":{"start":{"line":71,"column":64},"end":{"line":73,"column":5}},"line":71},"17":{"name":"(anonymous_17)","decl":{"start":{"line":75,"column":4},"end":{"line":75,"column":5}},"loc":{"start":{"line":75,"column":63},"end":{"line":77,"column":5}},"line":75},"18":{"name":"(anonymous_18)","decl":{"start":{"line":79,"column":4},"end":{"line":79,"column":5}},"loc":{"start":{"line":79,"column":69},"end":{"line":81,"column":5}},"line":79},"19":{"name":"(anonymous_19)","decl":{"start":{"line":83,"column":4},"end":{"line":83,"column":5}},"loc":{"start":{"line":83,"column":65},"end":{"line":85,"column":5}},"line":83},"20":{"name":"(anonymous_20)","decl":{"start":{"line":87,"column":4},"end":{"line":87,"column":5}},"loc":{"start":{"line":87,"column":74},"end":{"line":89,"column":5}},"line":87},"21":{"name":"(anonymous_21)","decl":{"start":{"line":91,"column":4},"end":{"line":91,"column":5}},"loc":{"start":{"line":91,"column":63},"end":{"line":93,"column":5}},"line":91},"22":{"name":"(anonymous_22)","decl":{"start":{"line":95,"column":4},"end":{"line":95,"column":5}},"loc":{"start":{"line":95,"column":61},"end":{"line":97,"column":5}},"line":95},"23":{"name":"(anonymous_23)","decl":{"start":{"line":99,"column":4},"end":{"line":99,"column":5}},"loc":{"start":{"line":99,"column":55},"end":{"line":101,"column":5}},"line":99},"24":{"name":"(anonymous_24)","decl":{"start":{"line":103,"column":4},"end":{"line":103,"column":5}},"loc":{"start":{"line":103,"column":51},"end":{"line":105,"column":5}},"line":103},"25":{"name":"(anonymous_25)","decl":{"start":{"line":107,"column":4},"end":{"line":107,"column":5}},"loc":{"start":{"line":107,"column":62},"end":{"line":109,"column":5}},"line":107},"26":{"name":"(anonymous_26)","decl":{"start":{"line":111,"column":4},"end":{"line":111,"column":5}},"loc":{"start":{"line":111,"column":53},"end":{"line":113,"column":5}},"line":111},"27":{"name":"(anonymous_27)","decl":{"start":{"line":115,"column":4},"end":{"line":115,"column":5}},"loc":{"start":{"line":115,"column":66},"end":{"line":117,"column":5}},"line":115},"28":{"name":"(anonymous_28)","decl":{"start":{"line":119,"column":4},"end":{"line":119,"column":5}},"loc":{"start":{"line":119,"column":53},"end":{"line":121,"column":5}},"line":119},"29":{"name":"(anonymous_29)","decl":{"start":{"line":123,"column":4},"end":{"line":123,"column":5}},"loc":{"start":{"line":123,"column":74},"end":{"line":125,"column":5}},"line":123},"30":{"name":"(anonymous_30)","decl":{"start":{"line":127,"column":4},"end":{"line":127,"column":5}},"loc":{"start":{"line":127,"column":73},"end":{"line":129,"column":5}},"line":127},"31":{"name":"(anonymous_31)","decl":{"start":{"line":131,"column":4},"end":{"line":131,"column":5}},"loc":{"start":{"line":131,"column":59},"end":{"line":133,"column":5}},"line":131},"32":{"name":"(anonymous_32)","decl":{"start":{"line":135,"column":4},"end":{"line":135,"column":5}},"loc":{"start":{"line":135,"column":61},"end":{"line":137,"column":5}},"line":135},"33":{"name":"(anonymous_33)","decl":{"start":{"line":139,"column":4},"end":{"line":139,"column":5}},"loc":{"start":{"line":139,"column":61},"end":{"line":141,"column":5}},"line":139},"34":{"name":"(anonymous_34)","decl":{"start":{"line":143,"column":4},"end":{"line":143,"column":5}},"loc":{"start":{"line":143,"column":57},"end":{"line":145,"column":5}},"line":143},"35":{"name":"(anonymous_35)","decl":{"start":{"line":147,"column":4},"end":{"line":147,"column":5}},"loc":{"start":{"line":147,"column":65},"end":{"line":149,"column":5}},"line":147}},"branchMap":{"0":{"loc":{"start":{"line":4,"column":38},"end":{"line":4,"column":47}},"type":"default-arg","locations":[{"start":{"line":4,"column":45},"end":{"line":4,"column":47}}],"line":4},"1":{"loc":{"start":{"line":11,"column":25},"end":{"line":11,"column":58}},"type":"default-arg","locations":[{"start":{"line":11,"column":35},"end":{"line":11,"column":58}}],"line":11},"2":{"loc":{"start":{"line":15,"column":25},"end":{"line":15,"column":58}},"type":"default-arg","locations":[{"start":{"line":15,"column":35},"end":{"line":15,"column":58}}],"line":15},"3":{"loc":{"start":{"line":19,"column":26},"end":{"line":19,"column":59}},"type":"default-arg","locations":[{"start":{"line":19,"column":36},"end":{"line":19,"column":59}}],"line":19},"4":{"loc":{"start":{"line":23,"column":21},"end":{"line":23,"column":54}},"type":"default-arg","locations":[{"start":{"line":23,"column":31},"end":{"line":23,"column":54}}],"line":23},"5":{"loc":{"start":{"line":27,"column":24},"end":{"line":27,"column":57}},"type":"default-arg","locations":[{"start":{"line":27,"column":34},"end":{"line":27,"column":57}}],"line":27},"6":{"loc":{"start":{"line":31,"column":32},"end":{"line":31,"column":65}},"type":"default-arg","locations":[{"start":{"line":31,"column":42},"end":{"line":31,"column":65}}],"line":31},"7":{"loc":{"start":{"line":35,"column":29},"end":{"line":35,"column":62}},"type":"default-arg","locations":[{"start":{"line":35,"column":39},"end":{"line":35,"column":62}}],"line":35},"8":{"loc":{"start":{"line":39,"column":33},"end":{"line":39,"column":66}},"type":"default-arg","locations":[{"start":{"line":39,"column":43},"end":{"line":39,"column":66}}],"line":39},"9":{"loc":{"start":{"line":43,"column":33},"end":{"line":43,"column":66}},"type":"default-arg","locations":[{"start":{"line":43,"column":43},"end":{"line":43,"column":66}}],"line":43},"10":{"loc":{"start":{"line":47,"column":28},"end":{"line":47,"column":61}},"type":"default-arg","locations":[{"start":{"line":47,"column":38},"end":{"line":47,"column":61}}],"line":47},"11":{"loc":{"start":{"line":51,"column":17},"end":{"line":51,"column":50}},"type":"default-arg","locations":[{"start":{"line":51,"column":27},"end":{"line":51,"column":50}}],"line":51},"12":{"loc":{"start":{"line":55,"column":20},"end":{"line":55,"column":53}},"type":"default-arg","locations":[{"start":{"line":55,"column":30},"end":{"line":55,"column":53}}],"line":55},"13":{"loc":{"start":{"line":59,"column":23},"end":{"line":59,"column":56}},"type":"default-arg","locations":[{"start":{"line":59,"column":33},"end":{"line":59,"column":56}}],"line":59},"14":{"loc":{"start":{"line":63,"column":20},"end":{"line":63,"column":53}},"type":"default-arg","locations":[{"start":{"line":63,"column":30},"end":{"line":63,"column":53}}],"line":63},"15":{"loc":{"start":{"line":67,"column":29},"end":{"line":67,"column":62}},"type":"default-arg","locations":[{"start":{"line":67,"column":39},"end":{"line":67,"column":62}}],"line":67},"16":{"loc":{"start":{"line":71,"column":29},"end":{"line":71,"column":62}},"type":"default-arg","locations":[{"start":{"line":71,"column":39},"end":{"line":71,"column":62}}],"line":71},"17":{"loc":{"start":{"line":75,"column":22},"end":{"line":75,"column":61}},"type":"default-arg","locations":[{"start":{"line":75,"column":32},"end":{"line":75,"column":61}}],"line":75},"18":{"loc":{"start":{"line":79,"column":24},"end":{"line":79,"column":67}},"type":"default-arg","locations":[{"start":{"line":79,"column":34},"end":{"line":79,"column":67}}],"line":79},"19":{"loc":{"start":{"line":83,"column":21},"end":{"line":83,"column":63}},"type":"default-arg","locations":[{"start":{"line":83,"column":31},"end":{"line":83,"column":63}}],"line":83},"20":{"loc":{"start":{"line":87,"column":20},"end":{"line":87,"column":72}},"type":"default-arg","locations":[{"start":{"line":87,"column":30},"end":{"line":87,"column":72}}],"line":87},"21":{"loc":{"start":{"line":91,"column":28},"end":{"line":91,"column":61}},"type":"default-arg","locations":[{"start":{"line":91,"column":38},"end":{"line":91,"column":61}}],"line":91},"22":{"loc":{"start":{"line":95,"column":26},"end":{"line":95,"column":59}},"type":"default-arg","locations":[{"start":{"line":95,"column":36},"end":{"line":95,"column":59}}],"line":95},"23":{"loc":{"start":{"line":99,"column":20},"end":{"line":99,"column":53}},"type":"default-arg","locations":[{"start":{"line":99,"column":30},"end":{"line":99,"column":53}}],"line":99},"24":{"loc":{"start":{"line":103,"column":16},"end":{"line":103,"column":49}},"type":"default-arg","locations":[{"start":{"line":103,"column":26},"end":{"line":103,"column":49}}],"line":103},"25":{"loc":{"start":{"line":107,"column":27},"end":{"line":107,"column":60}},"type":"default-arg","locations":[{"start":{"line":107,"column":37},"end":{"line":107,"column":60}}],"line":107},"26":{"loc":{"start":{"line":111,"column":18},"end":{"line":111,"column":51}},"type":"default-arg","locations":[{"start":{"line":111,"column":28},"end":{"line":111,"column":51}}],"line":111},"27":{"loc":{"start":{"line":115,"column":31},"end":{"line":115,"column":64}},"type":"default-arg","locations":[{"start":{"line":115,"column":41},"end":{"line":115,"column":64}}],"line":115},"28":{"loc":{"start":{"line":119,"column":18},"end":{"line":119,"column":51}},"type":"default-arg","locations":[{"start":{"line":119,"column":28},"end":{"line":119,"column":51}}],"line":119},"29":{"loc":{"start":{"line":123,"column":39},"end":{"line":123,"column":72}},"type":"default-arg","locations":[{"start":{"line":123,"column":49},"end":{"line":123,"column":72}}],"line":123},"30":{"loc":{"start":{"line":127,"column":38},"end":{"line":127,"column":71}},"type":"default-arg","locations":[{"start":{"line":127,"column":48},"end":{"line":127,"column":71}}],"line":127},"31":{"loc":{"start":{"line":131,"column":24},"end":{"line":131,"column":57}},"type":"default-arg","locations":[{"start":{"line":131,"column":34},"end":{"line":131,"column":57}}],"line":131},"32":{"loc":{"start":{"line":135,"column":23},"end":{"line":135,"column":59}},"type":"default-arg","locations":[{"start":{"line":135,"column":33},"end":{"line":135,"column":59}}],"line":135},"33":{"loc":{"start":{"line":139,"column":26},"end":{"line":139,"column":59}},"type":"default-arg","locations":[{"start":{"line":139,"column":36},"end":{"line":139,"column":59}}],"line":139},"34":{"loc":{"start":{"line":143,"column":22},"end":{"line":143,"column":55}},"type":"default-arg","locations":[{"start":{"line":143,"column":32},"end":{"line":143,"column":55}}],"line":143},"35":{"loc":{"start":{"line":147,"column":30},"end":{"line":147,"column":63}},"type":"default-arg","locations":[{"start":{"line":147,"column":40},"end":{"line":147,"column":63}}],"line":147}},"s":{"0":6,"1":6,"2":6,"3":6,"4":3,"5":0,"6":0,"7":0,"8":0,"9":0,"10":0,"11":0,"12":0,"13":0,"14":0,"15":0,"16":0,"17":0,"18":0,"19":0,"20":0,"21":0,"22":0,"23":1,"24":0,"25":0,"26":0,"27":0,"28":0,"29":0,"30":1,"31":0,"32":0,"33":0,"34":0,"35":1,"36":0,"37":0,"38":0},"f":{"0":6,"1":3,"2":0,"3":0,"4":0,"5":0,"6":0,"7":0,"8":0,"9":0,"10":0,"11":0,"12":0,"13":0,"14":0,"15":0,"16":0,"17":0,"18":0,"19":0,"20":1,"21":0,"22":0,"23":0,"24":0,"25":0,"26":0,"27":1,"28":0,"29":0,"30":0,"31":0,"32":1,"33":0,"34":0,"35":0},"b":{"0":[3],"1":[1],"2":[0],"3":[0],"4":[0],"5":[0],"6":[0],"7":[0],"8":[0],"9":[0],"10":[0],"11":[0],"12":[0],"13":[0],"14":[0],"15":[0],"16":[0],"17":[0],"18":[0],"19":[0],"20":[0],"21":[0],"22":[0],"23":[0],"24":[0],"25":[0],"26":[0],"27":[0],"28":[0],"29":[0],"30":[0],"31":[0],"32":[1],"33":[0],"34":[0],"35":[0]},"_coverageSchema":"1a1c01bbd47fc00a2c39e90264f33305004495a9","hash":"180f60673d88acc793985f0afbf664018cf3b639"}
,"D:\\ARQUIVOS\\Plataforma_matematica\\plataforma-matematica\\src\\utils\\messages.js": {"path":"D:\\ARQUIVOS\\Plataforma_matematica\\plataforma-matematica\\src\\utils\\messages.js","statementMap":{"0":{"start":{"line":1,"column":24},"end":{"line":162,"column":1}},"1":{"start":{"line":46,"column":36},"end":{"line":46,"column":77}},"2":{"start":{"line":65,"column":34},"end":{"line":65,"column":69}},"3":{"start":{"line":66,"column":31},"end":{"line":66,"column":57}},"4":{"start":{"line":67,"column":38},"end":{"line":67,"column":77}},"5":{"start":{"line":68,"column":39},"end":{"line":68,"column":75}},"6":{"start":{"line":75,"column":12},"end":{"line":75,"column":70}},"7":{"start":{"line":78,"column":12},"end":{"line":78,"column":85}},"8":{"start":{"line":81,"column":12},"end":{"line":81,"column":89}},"9":{"start":{"line":84,"column":12},"end":{"line":84,"column":66}},"10":{"start":{"line":87,"column":12},"end":{"line":87,"column":78}},"11":{"start":{"line":90,"column":12},"end":{"line":90,"column":96}},"12":{"start":{"line":93,"column":12},"end":{"line":93,"column":62}},"13":{"start":{"line":96,"column":12},"end":{"line":96,"column":66}},"14":{"start":{"line":99,"column":12},"end":{"line":99,"column":111}},"15":{"start":{"line":102,"column":12},"end":{"line":102,"column":70}},"16":{"start":{"line":105,"column":12},"end":{"line":105,"column":72}},"17":{"start":{"line":108,"column":12},"end":{"line":108,"column":58}},"18":{"start":{"line":111,"column":12},"end":{"line":111,"column":61}},"19":{"start":{"line":114,"column":12},"end":{"line":114,"column":61}},"20":{"start":{"line":122,"column":12},"end":{"line":122,"column":97}},"21":{"start":{"line":133,"column":45},"end":{"line":133,"column":108}},"22":{"start":{"line":134,"column":47},"end":{"line":134,"column":110}},"23":{"start":{"line":136,"column":43},"end":{"line":136,"column":94}},"24":{"start":{"line":137,"column":45},"end":{"line":137,"column":96}},"25":{"start":{"line":144,"column":34},"end":{"line":144,"column":76}},"26":{"start":{"line":148,"column":39},"end":{"line":148,"column":88}},"27":{"start":{"line":158,"column":39},"end":{"line":158,"column":86}},"28":{"start":{"line":174,"column":25},"end":{"line":196,"column":1}},"29":{"start":{"line":176,"column":18},"end":{"line":176,"column":27}},"30":{"start":{"line":177,"column":4},"end":{"line":186,"column":5}},"31":{"start":{"line":179,"column":8},"end":{"line":179,"column":25}},"32":{"start":{"line":180,"column":11},"end":{"line":186,"column":5}},"33":{"start":{"line":182,"column":8},"end":{"line":182,"column":27}},"34":{"start":{"line":185,"column":8},"end":{"line":185,"column":41}},"35":{"start":{"line":189,"column":4},"end":{"line":195,"column":7}},"36":{"start":{"line":207,"column":28},"end":{"line":217,"column":1}},"37":{"start":{"line":208,"column":4},"end":{"line":216,"column":7}}},"fnMap":{"0":{"name":"(anonymous_0)","decl":{"start":{"line":46,"column":22},"end":{"line":46,"column":23}},"loc":{"start":{"line":46,"column":36},"end":{"line":46,"column":77}},"line":46},"1":{"name":"(anonymous_1)","decl":{"start":{"line":65,"column":26},"end":{"line":65,"column":27}},"loc":{"start":{"line":65,"column":34},"end":{"line":65,"column":69}},"line":65},"2":{"name":"(anonymous_2)","decl":{"start":{"line":66,"column":23},"end":{"line":66,"column":24}},"loc":{"start":{"line":66,"column":31},"end":{"line":66,"column":57}},"line":66},"3":{"name":"(anonymous_3)","decl":{"start":{"line":67,"column":28},"end":{"line":67,"column":29}},"loc":{"start":{"line":67,"column":38},"end":{"line":67,"column":77}},"line":67},"4":{"name":"(anonymous_4)","decl":{"start":{"line":68,"column":29},"end":{"line":68,"column":30}},"loc":{"start":{"line":68,"column":39},"end":{"line":68,"column":75}},"line":68},"5":{"name":"(anonymous_5)","decl":{"start":{"line":74,"column":25},"end":{"line":74,"column":26}},"loc":{"start":{"line":74,"column":40},"end":{"line":76,"column":9}},"line":74},"6":{"name":"(anonymous_6)","decl":{"start":{"line":77,"column":25},"end":{"line":77,"column":26}},"loc":{"start":{"line":77,"column":40},"end":{"line":79,"column":9}},"line":77},"7":{"name":"(anonymous_7)","decl":{"start":{"line":80,"column":36},"end":{"line":80,"column":37}},"loc":{"start":{"line":80,"column":51},"end":{"line":82,"column":9}},"line":80},"8":{"name":"(anonymous_8)","decl":{"start":{"line":83,"column":23},"end":{"line":83,"column":24}},"loc":{"start":{"line":83,"column":38},"end":{"line":85,"column":9}},"line":83},"9":{"name":"(anonymous_9)","decl":{"start":{"line":86,"column":17},"end":{"line":86,"column":18}},"loc":{"start":{"line":86,"column":32},"end":{"line":88,"column":9}},"line":86},"10":{"name":"(anonymous_10)","decl":{"start":{"line":89,"column":18},"end":{"line":89,"column":19}},"loc":{"start":{"line":89,"column":33},"end":{"line":91,"column":9}},"line":89},"11":{"name":"(anonymous_11)","decl":{"start":{"line":92,"column":23},"end":{"line":92,"column":24}},"loc":{"start":{"line":92,"column":38},"end":{"line":94,"column":9}},"line":92},"12":{"name":"(anonymous_12)","decl":{"start":{"line":95,"column":26},"end":{"line":95,"column":27}},"loc":{"start":{"line":95,"column":41},"end":{"line":97,"column":9}},"line":95},"13":{"name":"(anonymous_13)","decl":{"start":{"line":98,"column":21},"end":{"line":98,"column":22}},"loc":{"start":{"line":98,"column":44},"end":{"line":100,"column":9}},"line":98},"14":{"name":"(anonymous_14)","decl":{"start":{"line":101,"column":25},"end":{"line":101,"column":26}},"loc":{"start":{"line":101,"column":40},"end":{"line":103,"column":9}},"line":101},"15":{"name":"(anonymous_15)","decl":{"start":{"line":104,"column":26},"end":{"line":104,"column":27}},"loc":{"start":{"line":104,"column":41},"end":{"line":106,"column":9}},"line":104},"16":{"name":"(anonymous_16)","decl":{"start":{"line":107,"column":31},"end":{"line":107,"column":32}},"loc":{"start":{"line":107,"column":46},"end":{"line":109,"column":9}},"line":107},"17":{"name":"(anonymous_17)","decl":{"start":{"line":110,"column":25},"end":{"line":110,"column":26}},"loc":{"start":{"line":110,"column":40},"end":{"line":112,"column":9}},"line":110},"18":{"name":"(anonymous_18)","decl":{"start":{"line":113,"column":24},"end":{"line":113,"column":25}},"loc":{"start":{"line":113,"column":39},"end":{"line":115,"column":9}},"line":113},"19":{"name":"(anonymous_19)","decl":{"start":{"line":121,"column":31},"end":{"line":121,"column":32}},"loc":{"start":{"line":121,"column":56},"end":{"line":123,"column":9}},"line":121},"20":{"name":"(anonymous_20)","decl":{"start":{"line":133,"column":22},"end":{"line":133,"column":23}},"loc":{"start":{"line":133,"column":45},"end":{"line":133,"column":108}},"line":133},"21":{"name":"(anonymous_21)","decl":{"start":{"line":134,"column":24},"end":{"line":134,"column":25}},"loc":{"start":{"line":134,"column":47},"end":{"line":134,"column":110}},"line":134},"22":{"name":"(anonymous_22)","decl":{"start":{"line":136,"column":21},"end":{"line":136,"column":22}},"loc":{"start":{"line":136,"column":43},"end":{"line":136,"column":94}},"line":136},"23":{"name":"(anonymous_23)","decl":{"start":{"line":137,"column":23},"end":{"line":137,"column":24}},"loc":{"start":{"line":137,"column":45},"end":{"line":137,"column":96}},"line":137},"24":{"name":"(anonymous_24)","decl":{"start":{"line":144,"column":22},"end":{"line":144,"column":23}},"loc":{"start":{"line":144,"column":34},"end":{"line":144,"column":76}},"line":144},"25":{"name":"(anonymous_25)","decl":{"start":{"line":148,"column":24},"end":{"line":148,"column":25}},"loc":{"start":{"line":148,"column":39},"end":{"line":148,"column":88}},"line":148},"26":{"name":"(anonymous_26)","decl":{"start":{"line":158,"column":28},"end":{"line":158,"column":29}},"loc":{"start":{"line":158,"column":39},"end":{"line":158,"column":86}},"line":158},"27":{"name":"(anonymous_27)","decl":{"start":{"line":174,"column":25},"end":{"line":174,"column":26}},"loc":{"start":{"line":174,"column":52},"end":{"line":196,"column":1}},"line":174},"28":{"name":"(anonymous_28)","decl":{"start":{"line":207,"column":28},"end":{"line":207,"column":29}},"loc":{"start":{"line":207,"column":53},"end":{"line":217,"column":1}},"line":207}},"branchMap":{"0":{"loc":{"start":{"line":174,"column":36},"end":{"line":174,"column":47}},"type":"default-arg","locations":[{"start":{"line":174,"column":45},"end":{"line":174,"column":47}}],"line":174},"1":{"loc":{"start":{"line":177,"column":4},"end":{"line":186,"column":5}},"type":"if","locations":[{"start":{"line":177,"column":4},"end":{"line":186,"column":5}},{"start":{"line":180,"column":11},"end":{"line":186,"column":5}}],"line":177},"2":{"loc":{"start":{"line":180,"column":11},"end":{"line":186,"column":5}},"type":"if","locations":[{"start":{"line":180,"column":11},"end":{"line":186,"column":5}},{"start":{"line":183,"column":11},"end":{"line":186,"column":5}}],"line":180},"3":{"loc":{"start":{"line":180,"column":14},"end":{"line":180,"column":72}},"type":"binary-expr","locations":[{"start":{"line":180,"column":14},"end":{"line":180,"column":40}},{"start":{"line":180,"column":44},"end":{"line":180,"column":72}}],"line":180},"4":{"loc":{"start":{"line":207,"column":39},"end":{"line":207,"column":48}},"type":"default-arg","locations":[{"start":{"line":207,"column":46},"end":{"line":207,"column":48}}],"line":207}},"s":{"0":2,"1":0,"2":1,"3":1,"4":0,"5":0,"6":0,"7":0,"8":0,"9":0,"10":0,"11":0,"12":2,"13":2,"14":0,"15":0,"16":0,"17":0,"18":0,"19":0,"20":0,"21":0,"22":0,"23":0,"24":0,"25":0,"26":0,"27":0,"28":2,"29":0,"30":0,"31":0,"32":0,"33":0,"34":0,"35":0,"36":2,"37":0},"f":{"0":0,"1":1,"2":1,"3":0,"4":0,"5":0,"6":0,"7":0,"8":0,"9":0,"10":0,"11":2,"12":2,"13":0,"14":0,"15":0,"16":0,"17":0,"18":0,"19":0,"20":0,"21":0,"22":0,"23":0,"24":0,"25":0,"26":0,"27":0,"28":0},"b":{"0":[0],"1":[0,0],"2":[0,0],"3":[0,0],"4":[0]},"_coverageSchema":"1a1c01bbd47fc00a2c39e90264f33305004495a9","hash":"e641ec3b7629ed59488a823c1c3d40c40b1e8c4c"}
}
